<?xml version="1.0" encoding="utf-8"?>
<CoverageSession>
  <Summary numSequencePoints="1266" visitedSequencePoints="0" numBranchPoints="304" visitedBranchPoints="0" sequenceCoverage="0" branchCoverage="0" maxCyclomaticComplexity="347" minCyclomaticComplexity="58" visitedClasses="0" numClasses="59" visitedMethods="0" numMethods="131" />
  <Modules>
    <Module hash="1C3A15A8-2F2D-4711-AC7F-2ECD65B711E9">
      <ModulePath>YourSpace.ApiService.dll</ModulePath>
      <ModuleTime>2026-02-11T11:28:38</ModuleTime>
      <ModuleName>YourSpace.ApiService</ModuleName>
      <Files>
        <File uid="1" fullPath="D:\GitHub\YourSpace\backend\YourSpace.ApiService\Program.cs" />
        <File uid="2" fullPath="D:\GitHub\YourSpace\backend\YourSpace.ApiService\obj\Debug\net10.0\Microsoft.AspNetCore.OpenApi.SourceGenerators\Microsoft.AspNetCore.OpenApi.SourceGenerators.XmlCommentGenerator\OpenApiXmlCommentSupport.generated.cs" />
        <File uid="3" fullPath="D:\GitHub\YourSpace\backend\YourSpace.ApiService\Services\AuthService.cs" />
        <File uid="4" fullPath="D:\GitHub\YourSpace\backend\YourSpace.ApiService\Services\JwtTokenService.cs" />
        <File uid="5" fullPath="D:\GitHub\YourSpace\backend\YourSpace.ApiService\Services\PasswordHasher.cs" />
        <File uid="6" fullPath="D:\GitHub\YourSpace\backend\YourSpace.ApiService\Services\ProfileService.cs" />
        <File uid="7" fullPath="D:\GitHub\YourSpace\backend\YourSpace.ApiService\Services\UserService.cs" />
        <File uid="8" fullPath="D:\GitHub\YourSpace\backend\YourSpace.ApiService\Mappers\UserMapper.cs" />
        <File uid="9" fullPath="D:\GitHub\YourSpace\backend\YourSpace.ApiService\DTOs\AuthDtos.cs" />
        <File uid="10" fullPath="D:\GitHub\YourSpace\backend\YourSpace.ApiService\DTOs\ProfileDtos.cs" />
        <File uid="11" fullPath="D:\GitHub\YourSpace\backend\YourSpace.ApiService\DTOs\UserDtos.cs" />
        <File uid="12" fullPath="D:\GitHub\YourSpace\backend\YourSpace.ApiService\Controllers\AuthController.cs" />
        <File uid="13" fullPath="D:\GitHub\YourSpace\backend\YourSpace.ApiService\Controllers\ProfilesController.cs" />
        <File uid="14" fullPath="D:\GitHub\YourSpace\backend\YourSpace.ApiService\Controllers\UsersController.cs" />
      </Files>
      <Classes>
        <Class>
          <Summary numSequencePoints="53" visitedSequencePoints="0" numBranchPoints="4" visitedBranchPoints="0" sequenceCoverage="0" branchCoverage="0" maxCyclomaticComplexity="4" minCyclomaticComplexity="4" visitedClasses="0" numClasses="1" visitedMethods="0" numMethods="1" />
          <FullName>Program</FullName>
          <Methods>
            <Method cyclomaticComplexity="4" nPathComplexity="4" sequenceCoverage="0" branchCoverage="0" isConstructor="False" isGetter="False" isSetter="False" isStatic="True">
              <Summary numSequencePoints="53" visitedSequencePoints="0" numBranchPoints="4" visitedBranchPoints="0" sequenceCoverage="0" branchCoverage="0" maxCyclomaticComplexity="4" minCyclomaticComplexity="4" visitedClasses="0" numClasses="0" visitedMethods="0" numMethods="1" />
              <MetadataToken />
              <Name>System.Void Program::&lt;Main&gt;$(System.String[])</Name>
              <FileRef uid="1" />
              <SequencePoints>
                <SequencePoint vc="0" uspid="11" ordinal="0" sl="11" sc="1" el="11" ec="2" bec="0" bev="0" fileid="1" />
                <SequencePoint vc="0" uspid="14" ordinal="1" sl="14" sc="1" el="14" ec="2" bec="0" bev="0" fileid="1" />
                <SequencePoint vc="0" uspid="15" ordinal="2" sl="15" sc="1" el="15" ec="2" bec="0" bev="0" fileid="1" />
                <SequencePoint vc="0" uspid="16" ordinal="3" sl="16" sc="1" el="16" ec="2" bec="0" bev="0" fileid="1" />
                <SequencePoint vc="0" uspid="17" ordinal="4" sl="17" sc="1" el="17" ec="2" bec="0" bev="0" fileid="1" />
                <SequencePoint vc="0" uspid="18" ordinal="5" sl="18" sc="1" el="18" ec="2" bec="0" bev="0" fileid="1" />
                <SequencePoint vc="0" uspid="19" ordinal="6" sl="19" sc="1" el="19" ec="2" bec="0" bev="0" fileid="1" />
                <SequencePoint vc="0" uspid="20" ordinal="7" sl="20" sc="1" el="20" ec="2" bec="0" bev="0" fileid="1" />
                <SequencePoint vc="0" uspid="21" ordinal="8" sl="21" sc="1" el="21" ec="2" bec="0" bev="0" fileid="1" />
                <SequencePoint vc="0" uspid="22" ordinal="9" sl="22" sc="1" el="22" ec="2" bec="0" bev="0" fileid="1" />
                <SequencePoint vc="0" uspid="23" ordinal="10" sl="23" sc="1" el="23" ec="2" bec="0" bev="0" fileid="1" />
                <SequencePoint vc="0" uspid="24" ordinal="11" sl="24" sc="1" el="24" ec="2" bec="0" bev="0" fileid="1" />
                <SequencePoint vc="0" uspid="25" ordinal="12" sl="25" sc="1" el="25" ec="2" bec="0" bev="0" fileid="1" />
                <SequencePoint vc="0" uspid="26" ordinal="13" sl="26" sc="1" el="26" ec="2" bec="0" bev="0" fileid="1" />
                <SequencePoint vc="0" uspid="27" ordinal="14" sl="27" sc="1" el="27" ec="2" bec="0" bev="0" fileid="1" />
                <SequencePoint vc="0" uspid="28" ordinal="15" sl="28" sc="1" el="28" ec="2" bec="0" bev="0" fileid="1" />
                <SequencePoint vc="0" uspid="29" ordinal="16" sl="29" sc="1" el="29" ec="2" bec="0" bev="0" fileid="1" />
                <SequencePoint vc="0" uspid="30" ordinal="17" sl="30" sc="1" el="30" ec="2" bec="0" bev="0" fileid="1" />
                <SequencePoint vc="0" uspid="31" ordinal="18" sl="31" sc="1" el="31" ec="2" bec="0" bev="0" fileid="1" />
                <SequencePoint vc="0" uspid="32" ordinal="19" sl="32" sc="1" el="32" ec="2" bec="0" bev="0" fileid="1" />
                <SequencePoint vc="0" uspid="35" ordinal="20" sl="35" sc="1" el="35" ec="2" bec="0" bev="0" fileid="1" />
                <SequencePoint vc="0" uspid="38" ordinal="21" sl="38" sc="1" el="38" ec="2" bec="0" bev="0" fileid="1" />
                <SequencePoint vc="0" uspid="39" ordinal="22" sl="39" sc="1" el="39" ec="2" bec="0" bev="0" fileid="1" />
                <SequencePoint vc="0" uspid="40" ordinal="23" sl="40" sc="1" el="40" ec="2" bec="0" bev="0" fileid="1" />
                <SequencePoint vc="0" uspid="41" ordinal="24" sl="41" sc="1" el="41" ec="2" bec="0" bev="0" fileid="1" />
                <SequencePoint vc="0" uspid="42" ordinal="25" sl="42" sc="1" el="42" ec="2" bec="0" bev="0" fileid="1" />
                <SequencePoint vc="0" uspid="43" ordinal="26" sl="43" sc="1" el="43" ec="2" bec="0" bev="0" fileid="1" />
                <SequencePoint vc="0" uspid="44" ordinal="27" sl="44" sc="1" el="44" ec="2" bec="0" bev="0" fileid="1" />
                <SequencePoint vc="0" uspid="45" ordinal="28" sl="45" sc="1" el="45" ec="2" bec="0" bev="0" fileid="1" />
                <SequencePoint vc="0" uspid="46" ordinal="29" sl="46" sc="1" el="46" ec="2" bec="0" bev="0" fileid="1" />
                <SequencePoint vc="0" uspid="50" ordinal="30" sl="50" sc="1" el="50" ec="2" bec="2" bev="0" fileid="1" />
                <SequencePoint vc="0" uspid="51" ordinal="31" sl="51" sc="1" el="51" ec="2" bec="0" bev="0" fileid="1" />
                <SequencePoint vc="0" uspid="53" ordinal="32" sl="53" sc="1" el="53" ec="2" bec="0" bev="0" fileid="1" />
                <SequencePoint vc="0" uspid="54" ordinal="33" sl="54" sc="1" el="54" ec="2" bec="0" bev="0" fileid="1" />
                <SequencePoint vc="0" uspid="57" ordinal="34" sl="57" sc="1" el="57" ec="2" bec="0" bev="0" fileid="1" />
                <SequencePoint vc="0" uspid="61" ordinal="35" sl="61" sc="1" el="61" ec="2" bec="0" bev="0" fileid="1" />
                <SequencePoint vc="0" uspid="62" ordinal="36" sl="62" sc="1" el="62" ec="2" bec="0" bev="0" fileid="1" />
                <SequencePoint vc="0" uspid="63" ordinal="37" sl="63" sc="1" el="63" ec="2" bec="0" bev="0" fileid="1" />
                <SequencePoint vc="0" uspid="64" ordinal="38" sl="64" sc="1" el="64" ec="2" bec="0" bev="0" fileid="1" />
                <SequencePoint vc="0" uspid="67" ordinal="39" sl="67" sc="1" el="67" ec="2" bec="0" bev="0" fileid="1" />
                <SequencePoint vc="0" uspid="69" ordinal="40" sl="69" sc="1" el="69" ec="2" bec="0" bev="0" fileid="1" />
                <SequencePoint vc="0" uspid="72" ordinal="41" sl="72" sc="1" el="72" ec="2" bec="2" bev="0" fileid="1" />
                <SequencePoint vc="0" uspid="73" ordinal="42" sl="73" sc="1" el="73" ec="2" bec="0" bev="0" fileid="1" />
                <SequencePoint vc="0" uspid="74" ordinal="43" sl="74" sc="1" el="74" ec="2" bec="0" bev="0" fileid="1" />
                <SequencePoint vc="0" uspid="75" ordinal="44" sl="75" sc="1" el="75" ec="2" bec="0" bev="0" fileid="1" />
                <SequencePoint vc="0" uspid="77" ordinal="45" sl="77" sc="1" el="77" ec="2" bec="0" bev="0" fileid="1" />
                <SequencePoint vc="0" uspid="79" ordinal="46" sl="79" sc="1" el="79" ec="2" bec="0" bev="0" fileid="1" />
                <SequencePoint vc="0" uspid="80" ordinal="47" sl="80" sc="1" el="80" ec="2" bec="0" bev="0" fileid="1" />
                <SequencePoint vc="0" uspid="81" ordinal="48" sl="81" sc="1" el="81" ec="2" bec="0" bev="0" fileid="1" />
                <SequencePoint vc="0" uspid="82" ordinal="49" sl="82" sc="1" el="82" ec="2" bec="0" bev="0" fileid="1" />
                <SequencePoint vc="0" uspid="85" ordinal="50" sl="85" sc="1" el="85" ec="2" bec="0" bev="0" fileid="1" />
                <SequencePoint vc="0" uspid="86" ordinal="51" sl="86" sc="1" el="86" ec="2" bec="0" bev="0" fileid="1" />
                <SequencePoint vc="0" uspid="88" ordinal="52" sl="88" sc="1" el="88" ec="2" bec="0" bev="0" fileid="1" />
              </SequencePoints>
              <BranchPoints>
                <BranchPoint vc="0" uspid="50" ordinal="0" path="0" offset="168" offsetend="170" sl="50" fileid="1" />
                <BranchPoint vc="0" uspid="50" ordinal="1" path="1" offset="168" offsetend="176" sl="50" fileid="1" />
                <BranchPoint vc="0" uspid="72" ordinal="2" path="0" offset="299" offsetend="301" sl="72" fileid="1" />
                <BranchPoint vc="0" uspid="72" ordinal="3" path="1" offset="299" offsetend="315" sl="72" fileid="1" />
              </BranchPoints>
              <MethodPoint vc="0" uspid="0" p8:type="SequencePoint" ordinal="0" offset="0" sc="0" sl="11" ec="1" el="88" bec="0" bev="0" fileid="1" xmlns:p8="xsi" />
            </Method>
          </Methods>
        </Class>
        <Class>
          <Summary numSequencePoints="10" visitedSequencePoints="0" numBranchPoints="0" visitedBranchPoints="0" sequenceCoverage="0" branchCoverage="100" maxCyclomaticComplexity="1" minCyclomaticComplexity="1" visitedClasses="0" numClasses="1" visitedMethods="0" numMethods="10" />
          <FullName>Microsoft.AspNetCore.OpenApi.Generated.&lt;OpenApiXmlCommentSupport_generated&gt;F32549AB2B82FEDC908F60521825F969EF6059757F6DDF7799343890CD1850F85__XmlComment</FullName>
          <Methods>
            <Method cyclomaticComplexity="1" nPathComplexity="1" sequenceCoverage="0" branchCoverage="100" isConstructor="False" isGetter="True" isSetter="False" isStatic="True">
              <Summary numSequencePoints="1" visitedSequencePoints="0" numBranchPoints="0" visitedBranchPoints="0" sequenceCoverage="0" branchCoverage="100" maxCyclomaticComplexity="1" minCyclomaticComplexity="1" visitedClasses="0" numClasses="0" visitedMethods="0" numMethods="1" />
              <MetadataToken />
              <Name>System.String Microsoft.AspNetCore.OpenApi.Generated.&lt;OpenApiXmlCommentSupport_generated&gt;F32549AB2B82FEDC908F60521825F969EF6059757F6DDF7799343890CD1850F85__XmlComment::get_Summary()</Name>
              <FileRef uid="2" />
              <SequencePoints>
                <SequencePoint vc="0" uspid="47" ordinal="0" sl="47" sc="1" el="47" ec="2" bec="0" bev="0" fileid="2" />
              </SequencePoints>
              <BranchPoints />
              <MethodPoint vc="0" uspid="0" p8:type="SequencePoint" ordinal="0" offset="0" sc="0" sl="47" ec="1" el="47" bec="0" bev="0" fileid="2" xmlns:p8="xsi" />
            </Method>
            <Method cyclomaticComplexity="1" nPathComplexity="1" sequenceCoverage="0" branchCoverage="100" isConstructor="False" isGetter="True" isSetter="False" isStatic="True">
              <Summary numSequencePoints="1" visitedSequencePoints="0" numBranchPoints="0" visitedBranchPoints="0" sequenceCoverage="0" branchCoverage="100" maxCyclomaticComplexity="1" minCyclomaticComplexity="1" visitedClasses="0" numClasses="0" visitedMethods="0" numMethods="1" />
              <MetadataToken />
              <Name>System.String Microsoft.AspNetCore.OpenApi.Generated.&lt;OpenApiXmlCommentSupport_generated&gt;F32549AB2B82FEDC908F60521825F969EF6059757F6DDF7799343890CD1850F85__XmlComment::get_Description()</Name>
              <FileRef uid="2" />
              <SequencePoints>
                <SequencePoint vc="0" uspid="48" ordinal="0" sl="48" sc="1" el="48" ec="2" bec="0" bev="0" fileid="2" />
              </SequencePoints>
              <BranchPoints />
              <MethodPoint vc="0" uspid="0" p8:type="SequencePoint" ordinal="1" offset="1" sc="0" sl="48" ec="1" el="48" bec="0" bev="0" fileid="2" xmlns:p8="xsi" />
            </Method>
            <Method cyclomaticComplexity="1" nPathComplexity="1" sequenceCoverage="0" branchCoverage="100" isConstructor="False" isGetter="True" isSetter="False" isStatic="True">
              <Summary numSequencePoints="1" visitedSequencePoints="0" numBranchPoints="0" visitedBranchPoints="0" sequenceCoverage="0" branchCoverage="100" maxCyclomaticComplexity="1" minCyclomaticComplexity="1" visitedClasses="0" numClasses="0" visitedMethods="0" numMethods="1" />
              <MetadataToken />
              <Name>System.String Microsoft.AspNetCore.OpenApi.Generated.&lt;OpenApiXmlCommentSupport_generated&gt;F32549AB2B82FEDC908F60521825F969EF6059757F6DDF7799343890CD1850F85__XmlComment::get_Remarks()</Name>
              <FileRef uid="2" />
              <SequencePoints>
                <SequencePoint vc="0" uspid="49" ordinal="0" sl="49" sc="1" el="49" ec="2" bec="0" bev="0" fileid="2" />
              </SequencePoints>
              <BranchPoints />
              <MethodPoint vc="0" uspid="0" p8:type="SequencePoint" ordinal="2" offset="2" sc="0" sl="49" ec="1" el="49" bec="0" bev="0" fileid="2" xmlns:p8="xsi" />
            </Method>
            <Method cyclomaticComplexity="1" nPathComplexity="1" sequenceCoverage="0" branchCoverage="100" isConstructor="False" isGetter="True" isSetter="False" isStatic="True">
              <Summary numSequencePoints="1" visitedSequencePoints="0" numBranchPoints="0" visitedBranchPoints="0" sequenceCoverage="0" branchCoverage="100" maxCyclomaticComplexity="1" minCyclomaticComplexity="1" visitedClasses="0" numClasses="0" visitedMethods="0" numMethods="1" />
              <MetadataToken />
              <Name>System.String Microsoft.AspNetCore.OpenApi.Generated.&lt;OpenApiXmlCommentSupport_generated&gt;F32549AB2B82FEDC908F60521825F969EF6059757F6DDF7799343890CD1850F85__XmlComment::get_Returns()</Name>
              <FileRef uid="2" />
              <SequencePoints>
                <SequencePoint vc="0" uspid="50" ordinal="0" sl="50" sc="1" el="50" ec="2" bec="0" bev="0" fileid="2" />
              </SequencePoints>
              <BranchPoints />
              <MethodPoint vc="0" uspid="0" p8:type="SequencePoint" ordinal="3" offset="3" sc="0" sl="50" ec="1" el="50" bec="0" bev="0" fileid="2" xmlns:p8="xsi" />
            </Method>
            <Method cyclomaticComplexity="1" nPathComplexity="1" sequenceCoverage="0" branchCoverage="100" isConstructor="False" isGetter="True" isSetter="False" isStatic="True">
              <Summary numSequencePoints="1" visitedSequencePoints="0" numBranchPoints="0" visitedBranchPoints="0" sequenceCoverage="0" branchCoverage="100" maxCyclomaticComplexity="1" minCyclomaticComplexity="1" visitedClasses="0" numClasses="0" visitedMethods="0" numMethods="1" />
              <MetadataToken />
              <Name>System.String Microsoft.AspNetCore.OpenApi.Generated.&lt;OpenApiXmlCommentSupport_generated&gt;F32549AB2B82FEDC908F60521825F969EF6059757F6DDF7799343890CD1850F85__XmlComment::get_Value()</Name>
              <FileRef uid="2" />
              <SequencePoints>
                <SequencePoint vc="0" uspid="51" ordinal="0" sl="51" sc="1" el="51" ec="2" bec="0" bev="0" fileid="2" />
              </SequencePoints>
              <BranchPoints />
              <MethodPoint vc="0" uspid="0" p8:type="SequencePoint" ordinal="4" offset="4" sc="0" sl="51" ec="1" el="51" bec="0" bev="0" fileid="2" xmlns:p8="xsi" />
            </Method>
            <Method cyclomaticComplexity="1" nPathComplexity="1" sequenceCoverage="0" branchCoverage="100" isConstructor="False" isGetter="True" isSetter="False" isStatic="True">
              <Summary numSequencePoints="1" visitedSequencePoints="0" numBranchPoints="0" visitedBranchPoints="0" sequenceCoverage="0" branchCoverage="100" maxCyclomaticComplexity="1" minCyclomaticComplexity="1" visitedClasses="0" numClasses="0" visitedMethods="0" numMethods="1" />
              <MetadataToken />
              <Name>System.Boolean Microsoft.AspNetCore.OpenApi.Generated.&lt;OpenApiXmlCommentSupport_generated&gt;F32549AB2B82FEDC908F60521825F969EF6059757F6DDF7799343890CD1850F85__XmlComment::get_Deprecated()</Name>
              <FileRef uid="2" />
              <SequencePoints>
                <SequencePoint vc="0" uspid="52" ordinal="0" sl="52" sc="1" el="52" ec="2" bec="0" bev="0" fileid="2" />
              </SequencePoints>
              <BranchPoints />
              <MethodPoint vc="0" uspid="0" p8:type="SequencePoint" ordinal="5" offset="5" sc="0" sl="52" ec="1" el="52" bec="0" bev="0" fileid="2" xmlns:p8="xsi" />
            </Method>
            <Method cyclomaticComplexity="1" nPathComplexity="1" sequenceCoverage="0" branchCoverage="100" isConstructor="False" isGetter="True" isSetter="False" isStatic="True">
              <Summary numSequencePoints="1" visitedSequencePoints="0" numBranchPoints="0" visitedBranchPoints="0" sequenceCoverage="0" branchCoverage="100" maxCyclomaticComplexity="1" minCyclomaticComplexity="1" visitedClasses="0" numClasses="0" visitedMethods="0" numMethods="1" />
              <MetadataToken />
              <Name>System.Collections.Generic.List`1&lt;System.String&gt; Microsoft.AspNetCore.OpenApi.Generated.&lt;OpenApiXmlCommentSupport_generated&gt;F32549AB2B82FEDC908F60521825F969EF6059757F6DDF7799343890CD1850F85__XmlComment::get_Examples()</Name>
              <FileRef uid="2" />
              <SequencePoints>
                <SequencePoint vc="0" uspid="53" ordinal="0" sl="53" sc="1" el="53" ec="2" bec="0" bev="0" fileid="2" />
              </SequencePoints>
              <BranchPoints />
              <MethodPoint vc="0" uspid="0" p8:type="SequencePoint" ordinal="6" offset="6" sc="0" sl="53" ec="1" el="53" bec="0" bev="0" fileid="2" xmlns:p8="xsi" />
            </Method>
            <Method cyclomaticComplexity="1" nPathComplexity="1" sequenceCoverage="0" branchCoverage="100" isConstructor="False" isGetter="True" isSetter="False" isStatic="True">
              <Summary numSequencePoints="1" visitedSequencePoints="0" numBranchPoints="0" visitedBranchPoints="0" sequenceCoverage="0" branchCoverage="100" maxCyclomaticComplexity="1" minCyclomaticComplexity="1" visitedClasses="0" numClasses="0" visitedMethods="0" numMethods="1" />
              <MetadataToken />
              <Name>System.Collections.Generic.List`1&lt;Microsoft.AspNetCore.OpenApi.Generated.&lt;OpenApiXmlCommentSupport_generated&gt;F32549AB2B82FEDC908F60521825F969EF6059757F6DDF7799343890CD1850F85__XmlParameterComment&gt; Microsoft.AspNetCore.OpenApi.Generated.&lt;OpenApiXmlCommentSupport_generated&gt;F32549AB2B82FEDC908F60521825F969EF6059757F6DDF7799343890CD1850F85__XmlComment::get_Parameters()</Name>
              <FileRef uid="2" />
              <SequencePoints>
                <SequencePoint vc="0" uspid="54" ordinal="0" sl="54" sc="1" el="54" ec="2" bec="0" bev="0" fileid="2" />
              </SequencePoints>
              <BranchPoints />
              <MethodPoint vc="0" uspid="0" p8:type="SequencePoint" ordinal="7" offset="7" sc="0" sl="54" ec="1" el="54" bec="0" bev="0" fileid="2" xmlns:p8="xsi" />
            </Method>
            <Method cyclomaticComplexity="1" nPathComplexity="1" sequenceCoverage="0" branchCoverage="100" isConstructor="False" isGetter="True" isSetter="False" isStatic="True">
              <Summary numSequencePoints="1" visitedSequencePoints="0" numBranchPoints="0" visitedBranchPoints="0" sequenceCoverage="0" branchCoverage="100" maxCyclomaticComplexity="1" minCyclomaticComplexity="1" visitedClasses="0" numClasses="0" visitedMethods="0" numMethods="1" />
              <MetadataToken />
              <Name>System.Collections.Generic.List`1&lt;Microsoft.AspNetCore.OpenApi.Generated.&lt;OpenApiXmlCommentSupport_generated&gt;F32549AB2B82FEDC908F60521825F969EF6059757F6DDF7799343890CD1850F85__XmlResponseComment&gt; Microsoft.AspNetCore.OpenApi.Generated.&lt;OpenApiXmlCommentSupport_generated&gt;F32549AB2B82FEDC908F60521825F969EF6059757F6DDF7799343890CD1850F85__XmlComment::get_Responses()</Name>
              <FileRef uid="2" />
              <SequencePoints>
                <SequencePoint vc="0" uspid="55" ordinal="0" sl="55" sc="1" el="55" ec="2" bec="0" bev="0" fileid="2" />
              </SequencePoints>
              <BranchPoints />
              <MethodPoint vc="0" uspid="0" p8:type="SequencePoint" ordinal="8" offset="8" sc="0" sl="55" ec="1" el="55" bec="0" bev="0" fileid="2" xmlns:p8="xsi" />
            </Method>
            <Method cyclomaticComplexity="1" nPathComplexity="1" sequenceCoverage="0" branchCoverage="100" isConstructor="True" isGetter="False" isSetter="False" isStatic="True">
              <Summary numSequencePoints="1" visitedSequencePoints="0" numBranchPoints="0" visitedBranchPoints="0" sequenceCoverage="0" branchCoverage="100" maxCyclomaticComplexity="1" minCyclomaticComplexity="1" visitedClasses="0" numClasses="0" visitedMethods="0" numMethods="1" />
              <MetadataToken />
              <Name>System.Void Microsoft.AspNetCore.OpenApi.Generated.&lt;OpenApiXmlCommentSupport_generated&gt;F32549AB2B82FEDC908F60521825F969EF6059757F6DDF7799343890CD1850F85__XmlComment::.ctor(System.String,System.String,System.String,System.String,System.String,System.Boolean,System.Collections.Generic.List`1&lt;System.String&gt;,System.Collections.Generic.List`1&lt;Microsoft.AspNetCore.OpenApi.Generated.&lt;OpenApiXmlCommentSupport_generated&gt;F32549AB2B82FEDC908F60521825F969EF6059757F6DDF7799343890CD1850F85__XmlParameterComment&gt;,System.Collections.Generic.List`1&lt;Microsoft.AspNetCore.OpenApi.Generated.&lt;OpenApiXmlCommentSupport_generated&gt;F32549AB2B82FEDC908F60521825F969EF6059757F6DDF7799343890CD1850F85__XmlResponseComment&gt;)</Name>
              <FileRef uid="2" />
              <SequencePoints>
                <SequencePoint vc="0" uspid="46" ordinal="0" sl="46" sc="1" el="46" ec="2" bec="0" bev="0" fileid="2" />
              </SequencePoints>
              <BranchPoints />
              <MethodPoint vc="0" uspid="0" p8:type="SequencePoint" ordinal="9" offset="9" sc="0" sl="46" ec="1" el="46" bec="0" bev="0" fileid="2" xmlns:p8="xsi" />
            </Method>
          </Methods>
        </Class>
        <Class>
          <Summary numSequencePoints="1" visitedSequencePoints="0" numBranchPoints="0" visitedBranchPoints="0" sequenceCoverage="0" branchCoverage="100" maxCyclomaticComplexity="1" minCyclomaticComplexity="1" visitedClasses="0" numClasses="1" visitedMethods="0" numMethods="1" />
          <FullName>Microsoft.AspNetCore.OpenApi.Generated.&lt;OpenApiXmlCommentSupport_generated&gt;F32549AB2B82FEDC908F60521825F969EF6059757F6DDF7799343890CD1850F85__XmlParameterComment</FullName>
          <Methods>
            <Method cyclomaticComplexity="1" nPathComplexity="1" sequenceCoverage="0" branchCoverage="100" isConstructor="False" isGetter="True" isSetter="False" isStatic="True">
              <Summary numSequencePoints="1" visitedSequencePoints="0" numBranchPoints="0" visitedBranchPoints="0" sequenceCoverage="0" branchCoverage="100" maxCyclomaticComplexity="1" minCyclomaticComplexity="1" visitedClasses="0" numClasses="0" visitedMethods="0" numMethods="1" />
              <MetadataToken />
              <Name>System.String Microsoft.AspNetCore.OpenApi.Generated.&lt;OpenApiXmlCommentSupport_generated&gt;F32549AB2B82FEDC908F60521825F969EF6059757F6DDF7799343890CD1850F85__XmlParameterComment::get_Name()</Name>
              <FileRef uid="2" />
              <SequencePoints>
                <SequencePoint vc="0" uspid="58" ordinal="0" sl="58" sc="1" el="58" ec="2" bec="0" bev="0" fileid="2" />
              </SequencePoints>
              <BranchPoints />
              <MethodPoint vc="0" uspid="0" p8:type="SequencePoint" ordinal="0" offset="0" sc="0" sl="58" ec="1" el="58" bec="0" bev="0" fileid="2" xmlns:p8="xsi" />
            </Method>
          </Methods>
        </Class>
        <Class>
          <Summary numSequencePoints="1" visitedSequencePoints="0" numBranchPoints="0" visitedBranchPoints="0" sequenceCoverage="0" branchCoverage="100" maxCyclomaticComplexity="1" minCyclomaticComplexity="1" visitedClasses="0" numClasses="1" visitedMethods="0" numMethods="1" />
          <FullName>Microsoft.AspNetCore.OpenApi.Generated.&lt;OpenApiXmlCommentSupport_generated&gt;F32549AB2B82FEDC908F60521825F969EF6059757F6DDF7799343890CD1850F85__XmlResponseComment</FullName>
          <Methods>
            <Method cyclomaticComplexity="1" nPathComplexity="1" sequenceCoverage="0" branchCoverage="100" isConstructor="False" isGetter="True" isSetter="False" isStatic="True">
              <Summary numSequencePoints="1" visitedSequencePoints="0" numBranchPoints="0" visitedBranchPoints="0" sequenceCoverage="0" branchCoverage="100" maxCyclomaticComplexity="1" minCyclomaticComplexity="1" visitedClasses="0" numClasses="0" visitedMethods="0" numMethods="1" />
              <MetadataToken />
              <Name>System.String Microsoft.AspNetCore.OpenApi.Generated.&lt;OpenApiXmlCommentSupport_generated&gt;F32549AB2B82FEDC908F60521825F969EF6059757F6DDF7799343890CD1850F85__XmlResponseComment::get_Code()</Name>
              <FileRef uid="2" />
              <SequencePoints>
                <SequencePoint vc="0" uspid="61" ordinal="0" sl="61" sc="1" el="61" ec="2" bec="0" bev="0" fileid="2" />
              </SequencePoints>
              <BranchPoints />
              <MethodPoint vc="0" uspid="0" p8:type="SequencePoint" ordinal="0" offset="0" sc="0" sl="61" ec="1" el="61" bec="0" bev="0" fileid="2" xmlns:p8="xsi" />
            </Method>
          </Methods>
        </Class>
        <Class>
          <Summary numSequencePoints="5" visitedSequencePoints="0" numBranchPoints="2" visitedBranchPoints="0" sequenceCoverage="0" branchCoverage="0" maxCyclomaticComplexity="2" minCyclomaticComplexity="1" visitedClasses="0" numClasses="1" visitedMethods="0" numMethods="2" />
          <FullName>Microsoft.AspNetCore.OpenApi.Generated.&lt;OpenApiXmlCommentSupport_generated&gt;F32549AB2B82FEDC908F60521825F969EF6059757F6DDF7799343890CD1850F85__XmlCommentCache</FullName>
          <Methods>
            <Method cyclomaticComplexity="2" nPathComplexity="2" sequenceCoverage="0" branchCoverage="0" isConstructor="False" isGetter="True" isSetter="False" isStatic="True">
              <Summary numSequencePoints="1" visitedSequencePoints="0" numBranchPoints="2" visitedBranchPoints="0" sequenceCoverage="0" branchCoverage="0" maxCyclomaticComplexity="2" minCyclomaticComplexity="2" visitedClasses="0" numClasses="0" visitedMethods="0" numMethods="1" />
              <MetadataToken />
              <Name>System.Collections.Generic.Dictionary`2&lt;System.String,Microsoft.AspNetCore.OpenApi.Generated.&lt;OpenApiXmlCommentSupport_generated&gt;F32549AB2B82FEDC908F60521825F969EF6059757F6DDF7799343890CD1850F85__XmlComment&gt; Microsoft.AspNetCore.OpenApi.Generated.&lt;OpenApiXmlCommentSupport_generated&gt;F32549AB2B82FEDC908F60521825F969EF6059757F6DDF7799343890CD1850F85__XmlCommentCache::get_Cache()</Name>
              <FileRef uid="2" />
              <SequencePoints>
                <SequencePoint vc="0" uspid="67" ordinal="0" sl="67" sc="1" el="67" ec="2" bec="2" bev="0" fileid="2" />
              </SequencePoints>
              <BranchPoints>
                <BranchPoint vc="0" uspid="67" ordinal="0" path="0" offset="6" offsetend="8" sl="67" fileid="2" />
                <BranchPoint vc="0" uspid="67" ordinal="1" path="1" offset="6" offsetend="20" sl="67" fileid="2" />
              </BranchPoints>
              <MethodPoint vc="0" uspid="0" p8:type="SequencePoint" ordinal="0" offset="0" sc="0" sl="67" ec="1" el="67" bec="0" bev="0" fileid="2" xmlns:p8="xsi" />
            </Method>
            <Method cyclomaticComplexity="1" nPathComplexity="1" sequenceCoverage="0" branchCoverage="100" isConstructor="False" isGetter="False" isSetter="False" isStatic="True">
              <Summary numSequencePoints="4" visitedSequencePoints="0" numBranchPoints="0" visitedBranchPoints="0" sequenceCoverage="0" branchCoverage="100" maxCyclomaticComplexity="1" minCyclomaticComplexity="1" visitedClasses="0" numClasses="0" visitedMethods="0" numMethods="1" />
              <MetadataToken />
              <Name>System.Collections.Generic.Dictionary`2&lt;System.String,Microsoft.AspNetCore.OpenApi.Generated.&lt;OpenApiXmlCommentSupport_generated&gt;F32549AB2B82FEDC908F60521825F969EF6059757F6DDF7799343890CD1850F85__XmlComment&gt; Microsoft.AspNetCore.OpenApi.Generated.&lt;OpenApiXmlCommentSupport_generated&gt;F32549AB2B82FEDC908F60521825F969EF6059757F6DDF7799343890CD1850F85__XmlCommentCache::GenerateCacheEntries()</Name>
              <FileRef uid="2" />
              <SequencePoints>
                <SequencePoint vc="0" uspid="70" ordinal="0" sl="70" sc="1" el="70" ec="2" bec="0" bev="0" fileid="2" />
                <SequencePoint vc="0" uspid="71" ordinal="1" sl="71" sc="1" el="71" ec="2" bec="0" bev="0" fileid="2" />
                <SequencePoint vc="0" uspid="74" ordinal="2" sl="74" sc="1" el="74" ec="2" bec="0" bev="0" fileid="2" />
                <SequencePoint vc="0" uspid="75" ordinal="3" sl="75" sc="1" el="75" ec="2" bec="0" bev="0" fileid="2" />
              </SequencePoints>
              <BranchPoints />
              <MethodPoint vc="0" uspid="0" p8:type="SequencePoint" ordinal="1" offset="1" sc="0" sl="70" ec="1" el="75" bec="0" bev="0" fileid="2" xmlns:p8="xsi" />
            </Method>
          </Methods>
        </Class>
        <Class>
          <Summary numSequencePoints="155" visitedSequencePoints="0" numBranchPoints="68" visitedBranchPoints="0" sequenceCoverage="0" branchCoverage="0" maxCyclomaticComplexity="28" minCyclomaticComplexity="2" visitedClasses="0" numClasses="1" visitedMethods="0" numMethods="6" />
          <FullName>Microsoft.AspNetCore.OpenApi.Generated.&lt;OpenApiXmlCommentSupport_generated&gt;F32549AB2B82FEDC908F60521825F969EF6059757F6DDF7799343890CD1850F85__DocumentationCommentIdHelper</FullName>
          <Methods>
            <Method cyclomaticComplexity="2" nPathComplexity="2" sequenceCoverage="0" branchCoverage="0" isConstructor="False" isGetter="False" isSetter="False" isStatic="True">
              <Summary numSequencePoints="6" visitedSequencePoints="0" numBranchPoints="2" visitedBranchPoints="0" sequenceCoverage="0" branchCoverage="0" maxCyclomaticComplexity="2" minCyclomaticComplexity="2" visitedClasses="0" numClasses="0" visitedMethods="0" numMethods="1" />
              <MetadataToken />
              <Name>System.String Microsoft.AspNetCore.OpenApi.Generated.&lt;OpenApiXmlCommentSupport_generated&gt;F32549AB2B82FEDC908F60521825F969EF6059757F6DDF7799343890CD1850F85__DocumentationCommentIdHelper::CreateDocumentationId(System.Type)</Name>
              <FileRef uid="2" />
              <SequencePoints>
                <SequencePoint vc="0" uspid="86" ordinal="0" sl="86" sc="1" el="86" ec="2" bec="0" bev="0" fileid="2" />
                <SequencePoint vc="0" uspid="87" ordinal="1" sl="87" sc="1" el="87" ec="2" bec="2" bev="0" fileid="2" />
                <SequencePoint vc="0" uspid="88" ordinal="2" sl="88" sc="1" el="88" ec="2" bec="0" bev="0" fileid="2" />
                <SequencePoint vc="0" uspid="89" ordinal="3" sl="89" sc="1" el="89" ec="2" bec="0" bev="0" fileid="2" />
                <SequencePoint vc="0" uspid="92" ordinal="4" sl="92" sc="1" el="92" ec="2" bec="0" bev="0" fileid="2" />
                <SequencePoint vc="0" uspid="93" ordinal="5" sl="93" sc="1" el="93" ec="2" bec="0" bev="0" fileid="2" />
              </SequencePoints>
              <BranchPoints>
                <BranchPoint vc="0" uspid="87" ordinal="0" path="0" offset="10" offsetend="12" sl="87" fileid="2" />
                <BranchPoint vc="0" uspid="87" ordinal="1" path="1" offset="10" offsetend="24" sl="87" fileid="2" />
              </BranchPoints>
              <MethodPoint vc="0" uspid="0" p8:type="SequencePoint" ordinal="0" offset="0" sc="0" sl="86" ec="1" el="93" bec="0" bev="0" fileid="2" xmlns:p8="xsi" />
            </Method>
            <Method cyclomaticComplexity="10" nPathComplexity="10" sequenceCoverage="0" branchCoverage="0" isConstructor="False" isGetter="False" isSetter="False" isStatic="True">
              <Summary numSequencePoints="28" visitedSequencePoints="0" numBranchPoints="10" visitedBranchPoints="0" sequenceCoverage="0" branchCoverage="0" maxCyclomaticComplexity="10" minCyclomaticComplexity="10" visitedClasses="0" numClasses="0" visitedMethods="0" numMethods="1" />
              <MetadataToken />
              <Name>System.String Microsoft.AspNetCore.OpenApi.Generated.&lt;OpenApiXmlCommentSupport_generated&gt;F32549AB2B82FEDC908F60521825F969EF6059757F6DDF7799343890CD1850F85__DocumentationCommentIdHelper::CreateDocumentationId(System.Reflection.PropertyInfo)</Name>
              <FileRef uid="2" />
              <SequencePoints>
                <SequencePoint vc="0" uspid="100" ordinal="0" sl="100" sc="1" el="100" ec="2" bec="0" bev="0" fileid="2" />
                <SequencePoint vc="0" uspid="101" ordinal="1" sl="101" sc="1" el="101" ec="2" bec="2" bev="0" fileid="2" />
                <SequencePoint vc="0" uspid="102" ordinal="2" sl="102" sc="1" el="102" ec="2" bec="0" bev="0" fileid="2" />
                <SequencePoint vc="0" uspid="103" ordinal="3" sl="103" sc="1" el="103" ec="2" bec="0" bev="0" fileid="2" />
                <SequencePoint vc="0" uspid="106" ordinal="4" sl="106" sc="1" el="106" ec="2" bec="0" bev="0" fileid="2" />
                <SequencePoint vc="0" uspid="107" ordinal="5" sl="107" sc="1" el="107" ec="2" bec="0" bev="0" fileid="2" />
                <SequencePoint vc="0" uspid="109" ordinal="6" sl="109" sc="1" el="109" ec="2" bec="2" bev="0" fileid="2" />
                <SequencePoint vc="0" uspid="110" ordinal="7" sl="110" sc="1" el="110" ec="2" bec="0" bev="0" fileid="2" />
                <SequencePoint vc="0" uspid="111" ordinal="8" sl="111" sc="1" el="111" ec="2" bec="0" bev="0" fileid="2" />
                <SequencePoint vc="0" uspid="112" ordinal="9" sl="112" sc="1" el="112" ec="2" bec="0" bev="0" fileid="2" />
                <SequencePoint vc="0" uspid="114" ordinal="10" sl="114" sc="1" el="114" ec="2" bec="0" bev="0" fileid="2" />
                <SequencePoint vc="0" uspid="115" ordinal="11" sl="115" sc="1" el="115" ec="2" bec="0" bev="0" fileid="2" />
                <SequencePoint vc="0" uspid="118" ordinal="12" sl="118" sc="1" el="118" ec="2" bec="0" bev="0" fileid="2" />
                <SequencePoint vc="0" uspid="119" ordinal="13" sl="119" sc="1" el="119" ec="2" bec="2" bev="0" fileid="2" />
                <SequencePoint vc="0" uspid="120" ordinal="14" sl="120" sc="1" el="120" ec="2" bec="0" bev="0" fileid="2" />
                <SequencePoint vc="0" uspid="121" ordinal="15" sl="121" sc="1" el="121" ec="2" bec="0" bev="0" fileid="2" />
                <SequencePoint vc="0" uspid="122" ordinal="16" sl="122" sc="1" el="122" ec="2" bec="2" bev="0" fileid="2" />
                <SequencePoint vc="0" uspid="123" ordinal="17" sl="123" sc="1" el="123" ec="2" bec="0" bev="0" fileid="2" />
                <SequencePoint vc="0" uspid="124" ordinal="18" sl="124" sc="1" el="124" ec="2" bec="2" bev="0" fileid="2" />
                <SequencePoint vc="0" uspid="125" ordinal="19" sl="125" sc="1" el="125" ec="2" bec="0" bev="0" fileid="2" />
                <SequencePoint vc="0" uspid="126" ordinal="20" sl="126" sc="1" el="126" ec="2" bec="0" bev="0" fileid="2" />
                <SequencePoint vc="0" uspid="127" ordinal="21" sl="127" sc="1" el="127" ec="2" bec="0" bev="0" fileid="2" />
                <SequencePoint vc="0" uspid="129" ordinal="22" sl="129" sc="1" el="129" ec="2" bec="0" bev="0" fileid="2" />
                <SequencePoint vc="0" uspid="130" ordinal="23" sl="130" sc="1" el="130" ec="2" bec="0" bev="0" fileid="2" />
                <SequencePoint vc="0" uspid="131" ordinal="24" sl="131" sc="1" el="131" ec="2" bec="0" bev="0" fileid="2" />
                <SequencePoint vc="0" uspid="132" ordinal="25" sl="132" sc="1" el="132" ec="2" bec="0" bev="0" fileid="2" />
                <SequencePoint vc="0" uspid="134" ordinal="26" sl="134" sc="1" el="134" ec="2" bec="0" bev="0" fileid="2" />
                <SequencePoint vc="0" uspid="135" ordinal="27" sl="135" sc="1" el="135" ec="2" bec="0" bev="0" fileid="2" />
              </SequencePoints>
              <BranchPoints>
                <BranchPoint vc="0" uspid="101" ordinal="0" path="0" offset="10" offsetend="12" sl="101" fileid="2" />
                <BranchPoint vc="0" uspid="101" ordinal="1" path="1" offset="10" offsetend="24" sl="101" fileid="2" />
                <BranchPoint vc="0" uspid="109" ordinal="2" path="0" offset="56" offsetend="58" sl="109" fileid="2" />
                <BranchPoint vc="0" uspid="109" ordinal="3" path="1" offset="56" offsetend="80" sl="109" fileid="2" />
                <BranchPoint vc="0" uspid="119" ordinal="4" path="0" offset="118" offsetend="120" sl="119" fileid="2" />
                <BranchPoint vc="0" uspid="122" ordinal="9" path="1" offset="199" offsetend="135" sl="122" fileid="2" />
                <BranchPoint vc="0" uspid="124" ordinal="6" path="0" offset="145" offsetend="147" sl="124" fileid="2" />
                <BranchPoint vc="0" uspid="124" ordinal="7" path="1" offset="145" offsetend="158" sl="124" fileid="2" />
                <BranchPoint vc="0" uspid="122" ordinal="8" path="0" offset="199" offsetend="201" sl="122" fileid="2" />
                <BranchPoint vc="0" uspid="119" ordinal="5" path="1" offset="118" offsetend="211" sl="119" fileid="2" />
              </BranchPoints>
              <MethodPoint vc="0" uspid="0" p8:type="SequencePoint" ordinal="1" offset="1" sc="0" sl="100" ec="1" el="135" bec="0" bev="0" fileid="2" xmlns:p8="xsi" />
            </Method>
            <Method cyclomaticComplexity="4" nPathComplexity="4" sequenceCoverage="0" branchCoverage="0" isConstructor="False" isGetter="False" isSetter="False" isStatic="True">
              <Summary numSequencePoints="14" visitedSequencePoints="0" numBranchPoints="4" visitedBranchPoints="0" sequenceCoverage="0" branchCoverage="0" maxCyclomaticComplexity="4" minCyclomaticComplexity="4" visitedClasses="0" numClasses="0" visitedMethods="0" numMethods="1" />
              <MetadataToken />
              <Name>System.String Microsoft.AspNetCore.OpenApi.Generated.&lt;OpenApiXmlCommentSupport_generated&gt;F32549AB2B82FEDC908F60521825F969EF6059757F6DDF7799343890CD1850F85__DocumentationCommentIdHelper::CreateDocumentationId(System.Type,System.String)</Name>
              <FileRef uid="2" />
              <SequencePoints>
                <SequencePoint vc="0" uspid="142" ordinal="0" sl="142" sc="1" el="142" ec="2" bec="0" bev="0" fileid="2" />
                <SequencePoint vc="0" uspid="143" ordinal="1" sl="143" sc="1" el="143" ec="2" bec="2" bev="0" fileid="2" />
                <SequencePoint vc="0" uspid="144" ordinal="2" sl="144" sc="1" el="144" ec="2" bec="0" bev="0" fileid="2" />
                <SequencePoint vc="0" uspid="145" ordinal="3" sl="145" sc="1" el="145" ec="2" bec="0" bev="0" fileid="2" />
                <SequencePoint vc="0" uspid="147" ordinal="4" sl="147" sc="1" el="147" ec="2" bec="2" bev="0" fileid="2" />
                <SequencePoint vc="0" uspid="148" ordinal="5" sl="148" sc="1" el="148" ec="2" bec="0" bev="0" fileid="2" />
                <SequencePoint vc="0" uspid="149" ordinal="6" sl="149" sc="1" el="149" ec="2" bec="0" bev="0" fileid="2" />
                <SequencePoint vc="0" uspid="152" ordinal="7" sl="152" sc="1" el="152" ec="2" bec="0" bev="0" fileid="2" />
                <SequencePoint vc="0" uspid="153" ordinal="8" sl="153" sc="1" el="153" ec="2" bec="0" bev="0" fileid="2" />
                <SequencePoint vc="0" uspid="154" ordinal="9" sl="154" sc="1" el="154" ec="2" bec="0" bev="0" fileid="2" />
                <SequencePoint vc="0" uspid="155" ordinal="10" sl="155" sc="1" el="155" ec="2" bec="0" bev="0" fileid="2" />
                <SequencePoint vc="0" uspid="156" ordinal="11" sl="156" sc="1" el="156" ec="2" bec="0" bev="0" fileid="2" />
                <SequencePoint vc="0" uspid="158" ordinal="12" sl="158" sc="1" el="158" ec="2" bec="0" bev="0" fileid="2" />
                <SequencePoint vc="0" uspid="159" ordinal="13" sl="159" sc="1" el="159" ec="2" bec="0" bev="0" fileid="2" />
              </SequencePoints>
              <BranchPoints>
                <BranchPoint vc="0" uspid="143" ordinal="0" path="0" offset="10" offsetend="12" sl="143" fileid="2" />
                <BranchPoint vc="0" uspid="143" ordinal="1" path="1" offset="10" offsetend="24" sl="143" fileid="2" />
                <BranchPoint vc="0" uspid="147" ordinal="2" path="0" offset="32" offsetend="34" sl="147" fileid="2" />
                <BranchPoint vc="0" uspid="147" ordinal="3" path="1" offset="32" offsetend="51" sl="147" fileid="2" />
              </BranchPoints>
              <MethodPoint vc="0" uspid="0" p8:type="SequencePoint" ordinal="2" offset="2" sc="0" sl="142" ec="1" el="159" bec="0" bev="0" fileid="2" xmlns:p8="xsi" />
            </Method>
            <Method cyclomaticComplexity="18" nPathComplexity="18" sequenceCoverage="0" branchCoverage="0" isConstructor="False" isGetter="False" isSetter="False" isStatic="True">
              <Summary numSequencePoints="44" visitedSequencePoints="0" numBranchPoints="18" visitedBranchPoints="0" sequenceCoverage="0" branchCoverage="0" maxCyclomaticComplexity="18" minCyclomaticComplexity="18" visitedClasses="0" numClasses="0" visitedMethods="0" numMethods="1" />
              <MetadataToken />
              <Name>System.String Microsoft.AspNetCore.OpenApi.Generated.&lt;OpenApiXmlCommentSupport_generated&gt;F32549AB2B82FEDC908F60521825F969EF6059757F6DDF7799343890CD1850F85__DocumentationCommentIdHelper::CreateDocumentationId(System.Reflection.MethodInfo)</Name>
              <FileRef uid="2" />
              <SequencePoints>
                <SequencePoint vc="0" uspid="168" ordinal="0" sl="168" sc="1" el="168" ec="2" bec="0" bev="0" fileid="2" />
                <SequencePoint vc="0" uspid="169" ordinal="1" sl="169" sc="1" el="169" ec="2" bec="2" bev="0" fileid="2" />
                <SequencePoint vc="0" uspid="170" ordinal="2" sl="170" sc="1" el="170" ec="2" bec="0" bev="0" fileid="2" />
                <SequencePoint vc="0" uspid="171" ordinal="3" sl="171" sc="1" el="171" ec="2" bec="0" bev="0" fileid="2" />
                <SequencePoint vc="0" uspid="174" ordinal="4" sl="174" sc="1" el="174" ec="2" bec="0" bev="0" fileid="2" />
                <SequencePoint vc="0" uspid="175" ordinal="5" sl="175" sc="1" el="175" ec="2" bec="0" bev="0" fileid="2" />
                <SequencePoint vc="0" uspid="178" ordinal="6" sl="178" sc="1" el="178" ec="2" bec="2" bev="0" fileid="2" />
                <SequencePoint vc="0" uspid="179" ordinal="7" sl="179" sc="1" el="179" ec="2" bec="0" bev="0" fileid="2" />
                <SequencePoint vc="0" uspid="180" ordinal="8" sl="180" sc="1" el="180" ec="2" bec="0" bev="0" fileid="2" />
                <SequencePoint vc="0" uspid="181" ordinal="9" sl="181" sc="1" el="181" ec="2" bec="0" bev="0" fileid="2" />
                <SequencePoint vc="0" uspid="183" ordinal="10" sl="183" sc="1" el="183" ec="2" bec="0" bev="0" fileid="2" />
                <SequencePoint vc="0" uspid="186" ordinal="11" sl="186" sc="1" el="186" ec="2" bec="2" bev="0" fileid="2" />
                <SequencePoint vc="0" uspid="187" ordinal="12" sl="187" sc="1" el="187" ec="2" bec="0" bev="0" fileid="2" />
                <SequencePoint vc="0" uspid="188" ordinal="13" sl="188" sc="1" el="188" ec="2" bec="2" bev="0" fileid="2" />
                <SequencePoint vc="0" uspid="189" ordinal="14" sl="189" sc="1" el="189" ec="2" bec="0" bev="0" fileid="2" />
                <SequencePoint vc="0" uspid="191" ordinal="15" sl="191" sc="1" el="191" ec="2" bec="0" bev="0" fileid="2" />
                <SequencePoint vc="0" uspid="192" ordinal="16" sl="192" sc="1" el="192" ec="2" bec="0" bev="0" fileid="2" />
                <SequencePoint vc="0" uspid="193" ordinal="17" sl="193" sc="1" el="193" ec="2" bec="2" bev="0" fileid="2" />
                <SequencePoint vc="0" uspid="194" ordinal="18" sl="194" sc="1" el="194" ec="2" bec="0" bev="0" fileid="2" />
                <SequencePoint vc="0" uspid="195" ordinal="19" sl="195" sc="1" el="195" ec="2" bec="0" bev="0" fileid="2" />
                <SequencePoint vc="0" uspid="196" ordinal="20" sl="196" sc="1" el="196" ec="2" bec="0" bev="0" fileid="2" />
                <SequencePoint vc="0" uspid="197" ordinal="21" sl="197" sc="1" el="197" ec="2" bec="0" bev="0" fileid="2" />
                <SequencePoint vc="0" uspid="198" ordinal="22" sl="198" sc="1" el="198" ec="2" bec="0" bev="0" fileid="2" />
                <SequencePoint vc="0" uspid="201" ordinal="23" sl="201" sc="1" el="201" ec="2" bec="0" bev="0" fileid="2" />
                <SequencePoint vc="0" uspid="202" ordinal="24" sl="202" sc="1" el="202" ec="2" bec="2" bev="0" fileid="2" />
                <SequencePoint vc="0" uspid="203" ordinal="25" sl="203" sc="1" el="203" ec="2" bec="0" bev="0" fileid="2" />
                <SequencePoint vc="0" uspid="204" ordinal="26" sl="204" sc="1" el="204" ec="2" bec="0" bev="0" fileid="2" />
                <SequencePoint vc="0" uspid="205" ordinal="27" sl="205" sc="1" el="205" ec="2" bec="2" bev="0" fileid="2" />
                <SequencePoint vc="0" uspid="206" ordinal="28" sl="206" sc="1" el="206" ec="2" bec="0" bev="0" fileid="2" />
                <SequencePoint vc="0" uspid="207" ordinal="29" sl="207" sc="1" el="207" ec="2" bec="2" bev="0" fileid="2" />
                <SequencePoint vc="0" uspid="208" ordinal="30" sl="208" sc="1" el="208" ec="2" bec="0" bev="0" fileid="2" />
                <SequencePoint vc="0" uspid="209" ordinal="31" sl="209" sc="1" el="209" ec="2" bec="0" bev="0" fileid="2" />
                <SequencePoint vc="0" uspid="210" ordinal="32" sl="210" sc="1" el="210" ec="2" bec="0" bev="0" fileid="2" />
                <SequencePoint vc="0" uspid="213" ordinal="33" sl="213" sc="1" el="213" ec="2" bec="0" bev="0" fileid="2" />
                <SequencePoint vc="0" uspid="214" ordinal="34" sl="214" sc="1" el="214" ec="2" bec="0" bev="0" fileid="2" />
                <SequencePoint vc="0" uspid="215" ordinal="35" sl="215" sc="1" el="215" ec="2" bec="0" bev="0" fileid="2" />
                <SequencePoint vc="0" uspid="216" ordinal="36" sl="216" sc="1" el="216" ec="2" bec="0" bev="0" fileid="2" />
                <SequencePoint vc="0" uspid="219" ordinal="37" sl="219" sc="1" el="219" ec="2" bec="2" bev="0" fileid="2" />
                <SequencePoint vc="0" uspid="220" ordinal="38" sl="220" sc="1" el="220" ec="2" bec="0" bev="0" fileid="2" />
                <SequencePoint vc="0" uspid="221" ordinal="39" sl="221" sc="1" el="221" ec="2" bec="0" bev="0" fileid="2" />
                <SequencePoint vc="0" uspid="223" ordinal="40" sl="223" sc="1" el="223" ec="2" bec="0" bev="0" fileid="2" />
                <SequencePoint vc="0" uspid="224" ordinal="41" sl="224" sc="1" el="224" ec="2" bec="0" bev="0" fileid="2" />
                <SequencePoint vc="0" uspid="226" ordinal="42" sl="226" sc="1" el="226" ec="2" bec="0" bev="0" fileid="2" />
                <SequencePoint vc="0" uspid="227" ordinal="43" sl="227" sc="1" el="227" ec="2" bec="0" bev="0" fileid="2" />
              </SequencePoints>
              <BranchPoints>
                <BranchPoint vc="0" uspid="169" ordinal="0" path="0" offset="10" offsetend="12" sl="169" fileid="2" />
                <BranchPoint vc="0" uspid="169" ordinal="1" path="1" offset="10" offsetend="24" sl="169" fileid="2" />
                <BranchPoint vc="0" uspid="178" ordinal="2" path="0" offset="56" offsetend="58" sl="178" fileid="2" />
                <BranchPoint vc="0" uspid="178" ordinal="3" path="1" offset="56" offsetend="80" sl="178" fileid="2" />
                <BranchPoint vc="0" uspid="186" ordinal="4" path="0" offset="99" offsetend="101" sl="186" fileid="2" />
                <BranchPoint vc="0" uspid="188" ordinal="6" path="0" offset="109" offsetend="111" sl="188" fileid="2" />
                <BranchPoint vc="0" uspid="188" ordinal="7" path="1" offset="109" offsetend="118" sl="188" fileid="2" />
                <BranchPoint vc="0" uspid="186" ordinal="5" path="1" offset="99" offsetend="132" sl="186" fileid="2" />
                <BranchPoint vc="0" uspid="193" ordinal="8" path="0" offset="156" offsetend="158" sl="193" fileid="2" />
                <BranchPoint vc="0" uspid="193" ordinal="9" path="1" offset="156" offsetend="202" sl="193" fileid="2" />
                <BranchPoint vc="0" uspid="202" ordinal="10" path="0" offset="219" offsetend="221" sl="202" fileid="2" />
                <BranchPoint vc="0" uspid="205" ordinal="15" path="1" offset="300" offsetend="236" sl="205" fileid="2" />
                <BranchPoint vc="0" uspid="207" ordinal="12" path="0" offset="246" offsetend="248" sl="207" fileid="2" />
                <BranchPoint vc="0" uspid="207" ordinal="13" path="1" offset="246" offsetend="259" sl="207" fileid="2" />
                <BranchPoint vc="0" uspid="205" ordinal="14" path="0" offset="300" offsetend="302" sl="205" fileid="2" />
                <BranchPoint vc="0" uspid="202" ordinal="11" path="1" offset="219" offsetend="312" sl="202" fileid="2" />
                <BranchPoint vc="0" uspid="219" ordinal="16" path="0" offset="337" offsetend="339" sl="219" fileid="2" />
                <BranchPoint vc="0" uspid="219" ordinal="17" path="1" offset="337" offsetend="370" sl="219" fileid="2" />
              </BranchPoints>
              <MethodPoint vc="0" uspid="0" p8:type="SequencePoint" ordinal="3" offset="3" sc="0" sl="168" ec="1" el="227" bec="0" bev="0" fileid="2" xmlns:p8="xsi" />
            </Method>
            <Method cyclomaticComplexity="28" nPathComplexity="28" sequenceCoverage="0" branchCoverage="0" isConstructor="False" isGetter="False" isSetter="False" isStatic="True">
              <Summary numSequencePoints="53" visitedSequencePoints="0" numBranchPoints="28" visitedBranchPoints="0" sequenceCoverage="0" branchCoverage="0" maxCyclomaticComplexity="28" minCyclomaticComplexity="28" visitedClasses="0" numClasses="0" visitedMethods="0" numMethods="1" />
              <MetadataToken />
              <Name>System.String Microsoft.AspNetCore.OpenApi.Generated.&lt;OpenApiXmlCommentSupport_generated&gt;F32549AB2B82FEDC908F60521825F969EF6059757F6DDF7799343890CD1850F85__DocumentationCommentIdHelper::GetTypeDocId(System.Type,System.Boolean,System.Boolean)</Name>
              <FileRef uid="2" />
              <SequencePoints>
                <SequencePoint vc="0" uspid="238" ordinal="0" sl="238" sc="1" el="238" ec="2" bec="0" bev="0" fileid="2" />
                <SequencePoint vc="0" uspid="239" ordinal="1" sl="239" sc="1" el="239" ec="2" bec="2" bev="0" fileid="2" />
                <SequencePoint vc="0" uspid="240" ordinal="2" sl="240" sc="1" el="240" ec="2" bec="0" bev="0" fileid="2" />
                <SequencePoint vc="0" uspid="242" ordinal="3" sl="242" sc="1" el="242" ec="2" bec="2" bev="0" fileid="2" />
                <SequencePoint vc="0" uspid="243" ordinal="4" sl="243" sc="1" el="243" ec="2" bec="0" bev="0" fileid="2" />
                <SequencePoint vc="0" uspid="244" ordinal="5" sl="244" sc="1" el="244" ec="2" bec="0" bev="0" fileid="2" />
                <SequencePoint vc="0" uspid="246" ordinal="6" sl="246" sc="1" el="246" ec="2" bec="2" bev="0" fileid="2" />
                <SequencePoint vc="0" uspid="247" ordinal="7" sl="247" sc="1" el="247" ec="2" bec="0" bev="0" fileid="2" />
                <SequencePoint vc="0" uspid="248" ordinal="8" sl="248" sc="1" el="248" ec="2" bec="0" bev="0" fileid="2" />
                <SequencePoint vc="0" uspid="251" ordinal="9" sl="251" sc="1" el="251" ec="2" bec="0" bev="0" fileid="2" />
                <SequencePoint vc="0" uspid="252" ordinal="10" sl="252" sc="1" el="252" ec="2" bec="0" bev="0" fileid="2" />
                <SequencePoint vc="0" uspid="256" ordinal="11" sl="256" sc="1" el="256" ec="2" bec="2" bev="0" fileid="2" />
                <SequencePoint vc="0" uspid="257" ordinal="12" sl="257" sc="1" el="257" ec="2" bec="0" bev="0" fileid="2" />
                <SequencePoint vc="0" uspid="258" ordinal="13" sl="258" sc="1" el="258" ec="2" bec="0" bev="0" fileid="2" />
                <SequencePoint vc="0" uspid="259" ordinal="14" sl="259" sc="1" el="259" ec="2" bec="2" bev="0" fileid="2" />
                <SequencePoint vc="0" uspid="261" ordinal="15" sl="261" sc="1" el="261" ec="2" bec="0" bev="0" fileid="2" />
                <SequencePoint vc="0" uspid="264" ordinal="16" sl="264" sc="1" el="264" ec="2" bec="2" bev="0" fileid="2" />
                <SequencePoint vc="0" uspid="265" ordinal="17" sl="265" sc="1" el="265" ec="2" bec="0" bev="0" fileid="2" />
                <SequencePoint vc="0" uspid="266" ordinal="18" sl="266" sc="1" el="266" ec="2" bec="0" bev="0" fileid="2" />
                <SequencePoint vc="0" uspid="267" ordinal="19" sl="267" sc="1" el="267" ec="2" bec="2" bev="0" fileid="2" />
                <SequencePoint vc="0" uspid="268" ordinal="20" sl="268" sc="1" el="268" ec="2" bec="0" bev="0" fileid="2" />
                <SequencePoint vc="0" uspid="269" ordinal="21" sl="269" sc="1" el="269" ec="2" bec="0" bev="0" fileid="2" />
                <SequencePoint vc="0" uspid="270" ordinal="22" sl="270" sc="1" el="270" ec="2" bec="0" bev="0" fileid="2" />
                <SequencePoint vc="0" uspid="271" ordinal="23" sl="271" sc="1" el="271" ec="2" bec="2" bev="0" fileid="2" />
                <SequencePoint vc="0" uspid="272" ordinal="24" sl="272" sc="1" el="272" ec="2" bec="0" bev="0" fileid="2" />
                <SequencePoint vc="0" uspid="273" ordinal="25" sl="273" sc="1" el="273" ec="2" bec="0" bev="0" fileid="2" />
                <SequencePoint vc="0" uspid="276" ordinal="26" sl="276" sc="1" el="276" ec="2" bec="0" bev="0" fileid="2" />
                <SequencePoint vc="0" uspid="277" ordinal="27" sl="277" sc="1" el="277" ec="2" bec="0" bev="0" fileid="2" />
                <SequencePoint vc="0" uspid="278" ordinal="28" sl="278" sc="1" el="278" ec="2" bec="0" bev="0" fileid="2" />
                <SequencePoint vc="0" uspid="279" ordinal="29" sl="279" sc="1" el="279" ec="2" bec="0" bev="0" fileid="2" />
                <SequencePoint vc="0" uspid="281" ordinal="30" sl="281" sc="1" el="281" ec="2" bec="2" bev="0" fileid="2" />
                <SequencePoint vc="0" uspid="282" ordinal="31" sl="282" sc="1" el="282" ec="2" bec="0" bev="0" fileid="2" />
                <SequencePoint vc="0" uspid="283" ordinal="32" sl="283" sc="1" el="283" ec="2" bec="0" bev="0" fileid="2" />
                <SequencePoint vc="0" uspid="284" ordinal="33" sl="284" sc="1" el="284" ec="2" bec="0" bev="0" fileid="2" />
                <SequencePoint vc="0" uspid="285" ordinal="34" sl="285" sc="1" el="285" ec="2" bec="0" bev="0" fileid="2" />
                <SequencePoint vc="0" uspid="286" ordinal="35" sl="286" sc="1" el="286" ec="2" bec="0" bev="0" fileid="2" />
                <SequencePoint vc="0" uspid="288" ordinal="36" sl="288" sc="1" el="288" ec="2" bec="4" bev="0" fileid="2" />
                <SequencePoint vc="0" uspid="289" ordinal="37" sl="289" sc="1" el="289" ec="2" bec="0" bev="0" fileid="2" />
                <SequencePoint vc="0" uspid="290" ordinal="38" sl="290" sc="1" el="290" ec="2" bec="0" bev="0" fileid="2" />
                <SequencePoint vc="0" uspid="291" ordinal="39" sl="291" sc="1" el="291" ec="2" bec="0" bev="0" fileid="2" />
                <SequencePoint vc="0" uspid="293" ordinal="40" sl="293" sc="1" el="293" ec="2" bec="2" bev="0" fileid="2" />
                <SequencePoint vc="0" uspid="294" ordinal="41" sl="294" sc="1" el="294" ec="2" bec="0" bev="0" fileid="2" />
                <SequencePoint vc="0" uspid="295" ordinal="42" sl="295" sc="1" el="295" ec="2" bec="2" bev="0" fileid="2" />
                <SequencePoint vc="0" uspid="296" ordinal="43" sl="296" sc="1" el="296" ec="2" bec="0" bev="0" fileid="2" />
                <SequencePoint vc="0" uspid="297" ordinal="44" sl="297" sc="1" el="297" ec="2" bec="0" bev="0" fileid="2" />
                <SequencePoint vc="0" uspid="298" ordinal="45" sl="298" sc="1" el="298" ec="2" bec="0" bev="0" fileid="2" />
                <SequencePoint vc="0" uspid="300" ordinal="46" sl="300" sc="1" el="300" ec="2" bec="0" bev="0" fileid="2" />
                <SequencePoint vc="0" uspid="301" ordinal="47" sl="301" sc="1" el="301" ec="2" bec="0" bev="0" fileid="2" />
                <SequencePoint vc="0" uspid="303" ordinal="48" sl="303" sc="1" el="303" ec="2" bec="0" bev="0" fileid="2" />
                <SequencePoint vc="0" uspid="304" ordinal="49" sl="304" sc="1" el="304" ec="2" bec="0" bev="0" fileid="2" />
                <SequencePoint vc="0" uspid="306" ordinal="50" sl="306" sc="1" el="306" ec="2" bec="0" bev="0" fileid="2" />
                <SequencePoint vc="0" uspid="310" ordinal="51" sl="310" sc="1" el="310" ec="2" bec="2" bev="0" fileid="2" />
                <SequencePoint vc="0" uspid="311" ordinal="52" sl="311" sc="1" el="311" ec="2" bec="0" bev="0" fileid="2" />
              </SequencePoints>
              <BranchPoints>
                <BranchPoint vc="0" uspid="239" ordinal="0" path="0" offset="9" offsetend="11" sl="239" fileid="2" />
                <BranchPoint vc="0" uspid="242" ordinal="2" path="0" offset="26" offsetend="28" sl="242" fileid="2" />
                <BranchPoint vc="0" uspid="242" ordinal="3" path="1" offset="26" offsetend="59" sl="242" fileid="2" />
                <BranchPoint vc="0" uspid="246" ordinal="4" path="0" offset="75" offsetend="77" sl="246" fileid="2" />
                <BranchPoint vc="0" uspid="246" ordinal="5" path="1" offset="75" offsetend="108" sl="246" fileid="2" />
                <BranchPoint vc="0" uspid="239" ordinal="1" path="1" offset="9" offsetend="121" sl="239" fileid="2" />
                <BranchPoint vc="0" uspid="256" ordinal="6" path="0" offset="131" offsetend="136" sl="256" fileid="2" />
                <BranchPoint vc="0" uspid="259" ordinal="8" path="0" offset="153" offsetend="155" sl="259" fileid="2" />
                <BranchPoint vc="0" uspid="259" ordinal="9" path="1" offset="153" offsetend="163" sl="259" fileid="2" />
                <BranchPoint vc="0" uspid="264" ordinal="15" path="1" offset="271" offsetend="184" sl="264" fileid="2" />
                <BranchPoint vc="0" uspid="267" ordinal="10" path="0" offset="206" offsetend="208" sl="267" fileid="2" />
                <BranchPoint vc="0" uspid="267" ordinal="11" path="1" offset="206" offsetend="222" sl="267" fileid="2" />
                <BranchPoint vc="0" uspid="271" ordinal="12" path="0" offset="232" offsetend="234" sl="271" fileid="2" />
                <BranchPoint vc="0" uspid="271" ordinal="13" path="1" offset="232" offsetend="237" sl="271" fileid="2" />
                <BranchPoint vc="0" uspid="264" ordinal="14" path="0" offset="271" offsetend="273" sl="264" fileid="2" />
                <BranchPoint vc="0" uspid="281" ordinal="16" path="0" offset="281" offsetend="283" sl="281" fileid="2" />
                <BranchPoint vc="0" uspid="281" ordinal="17" path="1" offset="281" offsetend="331" sl="281" fileid="2" />
                <BranchPoint vc="0" uspid="288" ordinal="18" path="0" offset="332" offsetend="334" sl="288" fileid="2" />
                <BranchPoint vc="0" uspid="288" ordinal="19" path="1" offset="332" offsetend="345" sl="288" fileid="2" />
                <BranchPoint vc="0" uspid="288" ordinal="20" path="0" offset="350" offsetend="352" sl="288" fileid="2" />
                <BranchPoint vc="0" uspid="293" ordinal="25" path="1" offset="439" offsetend="376" sl="293" fileid="2" />
                <BranchPoint vc="0" uspid="295" ordinal="22" path="0" offset="386" offsetend="388" sl="295" fileid="2" />
                <BranchPoint vc="0" uspid="295" ordinal="23" path="1" offset="386" offsetend="400" sl="295" fileid="2" />
                <BranchPoint vc="0" uspid="293" ordinal="24" path="0" offset="439" offsetend="441" sl="293" fileid="2" />
                <BranchPoint vc="0" uspid="288" ordinal="21" path="1" offset="350" offsetend="452" sl="288" fileid="2" />
                <BranchPoint vc="0" uspid="256" ordinal="7" path="1" offset="131" offsetend="462" sl="256" fileid="2" />
                <BranchPoint vc="0" uspid="310" ordinal="26" path="0" offset="469" offsetend="471" sl="310" fileid="2" />
                <BranchPoint vc="0" uspid="310" ordinal="27" path="1" offset="469" offsetend="478" sl="310" fileid="2" />
              </BranchPoints>
              <MethodPoint vc="0" uspid="0" p8:type="SequencePoint" ordinal="4" offset="4" sc="0" sl="238" ec="1" el="311" bec="0" bev="0" fileid="2" xmlns:p8="xsi" />
            </Method>
            <Method cyclomaticComplexity="6" nPathComplexity="6" sequenceCoverage="0" branchCoverage="0" isConstructor="False" isGetter="False" isSetter="False" isStatic="True">
              <Summary numSequencePoints="10" visitedSequencePoints="0" numBranchPoints="6" visitedBranchPoints="0" sequenceCoverage="0" branchCoverage="0" maxCyclomaticComplexity="6" minCyclomaticComplexity="6" visitedClasses="0" numClasses="0" visitedMethods="0" numMethods="1" />
              <MetadataToken />
              <Name>System.String Microsoft.AspNetCore.OpenApi.Generated.&lt;OpenApiXmlCommentSupport_generated&gt;F32549AB2B82FEDC908F60521825F969EF6059757F6DDF7799343890CD1850F85__DocumentationCommentIdHelper::NormalizeDocId(System.String)</Name>
              <FileRef uid="2" />
              <SequencePoints>
                <SequencePoint vc="0" uspid="320" ordinal="0" sl="320" sc="1" el="320" ec="2" bec="0" bev="0" fileid="2" />
                <SequencePoint vc="0" uspid="322" ordinal="1" sl="322" sc="1" el="322" ec="2" bec="0" bev="0" fileid="2" />
                <SequencePoint vc="0" uspid="323" ordinal="2" sl="323" sc="1" el="323" ec="2" bec="2" bev="0" fileid="2" />
                <SequencePoint vc="0" uspid="324" ordinal="3" sl="324" sc="1" el="324" ec="2" bec="0" bev="0" fileid="2" />
                <SequencePoint vc="0" uspid="326" ordinal="4" sl="326" sc="1" el="326" ec="2" bec="0" bev="0" fileid="2" />
                <SequencePoint vc="0" uspid="331" ordinal="5" sl="331" sc="1" el="331" ec="2" bec="4" bev="0" fileid="2" />
                <SequencePoint vc="0" uspid="332" ordinal="6" sl="332" sc="1" el="332" ec="2" bec="0" bev="0" fileid="2" />
                <SequencePoint vc="0" uspid="333" ordinal="7" sl="333" sc="1" el="333" ec="2" bec="0" bev="0" fileid="2" />
                <SequencePoint vc="0" uspid="337" ordinal="8" sl="337" sc="1" el="337" ec="2" bec="0" bev="0" fileid="2" />
                <SequencePoint vc="0" uspid="338" ordinal="9" sl="338" sc="1" el="338" ec="2" bec="0" bev="0" fileid="2" />
              </SequencePoints>
              <BranchPoints>
                <BranchPoint vc="0" uspid="323" ordinal="0" path="0" offset="16" offsetend="18" sl="323" fileid="2" />
                <BranchPoint vc="0" uspid="323" ordinal="1" path="1" offset="16" offsetend="23" sl="323" fileid="2" />
                <BranchPoint vc="0" uspid="331" ordinal="2" path="0" offset="34" offsetend="36" sl="331" fileid="2" />
                <BranchPoint vc="0" uspid="331" ordinal="3" path="1" offset="34" offsetend="49" sl="331" fileid="2" />
                <BranchPoint vc="0" uspid="331" ordinal="4" path="0" offset="52" offsetend="54" sl="331" fileid="2" />
                <BranchPoint vc="0" uspid="331" ordinal="5" path="1" offset="52" offsetend="59" sl="331" fileid="2" />
              </BranchPoints>
              <MethodPoint vc="0" uspid="0" p8:type="SequencePoint" ordinal="5" offset="5" sc="0" sl="320" ec="1" el="338" bec="0" bev="0" fileid="2" xmlns:p8="xsi" />
            </Method>
          </Methods>
        </Class>
        <Class>
          <Summary numSequencePoints="142" visitedSequencePoints="0" numBranchPoints="100" visitedBranchPoints="0" sequenceCoverage="0" branchCoverage="0" maxCyclomaticComplexity="94" minCyclomaticComplexity="6" visitedClasses="0" numClasses="1" visitedMethods="0" numMethods="2" />
          <FullName>Microsoft.AspNetCore.OpenApi.Generated.&lt;OpenApiXmlCommentSupport_generated&gt;F32549AB2B82FEDC908F60521825F969EF6059757F6DDF7799343890CD1850F85__XmlCommentOperationTransformer</FullName>
          <Methods>
            <Method cyclomaticComplexity="94" nPathComplexity="94" sequenceCoverage="0" branchCoverage="0" isConstructor="False" isGetter="False" isSetter="False" isStatic="True">
              <Summary numSequencePoints="128" visitedSequencePoints="0" numBranchPoints="94" visitedBranchPoints="0" sequenceCoverage="0" branchCoverage="0" maxCyclomaticComplexity="94" minCyclomaticComplexity="94" visitedClasses="0" numClasses="0" visitedMethods="0" numMethods="1" />
              <MetadataToken />
              <Name>System.Threading.Tasks.Task Microsoft.AspNetCore.OpenApi.Generated.&lt;OpenApiXmlCommentSupport_generated&gt;F32549AB2B82FEDC908F60521825F969EF6059757F6DDF7799343890CD1850F85__XmlCommentOperationTransformer::TransformAsync(Microsoft.OpenApi.OpenApiOperation,Microsoft.AspNetCore.OpenApi.OpenApiOperationTransformerContext,System.Threading.CancellationToken)</Name>
              <FileRef uid="2" />
              <SequencePoints>
                <SequencePoint vc="0" uspid="345" ordinal="0" sl="345" sc="1" el="345" ec="2" bec="0" bev="0" fileid="2" />
                <SequencePoint vc="0" uspid="346" ordinal="1" sl="346" sc="1" el="346" ec="2" bec="2" bev="0" fileid="2" />
                <SequencePoint vc="0" uspid="347" ordinal="2" sl="347" sc="1" el="347" ec="2" bec="0" bev="0" fileid="2" />
                <SequencePoint vc="0" uspid="348" ordinal="3" sl="348" sc="1" el="348" ec="2" bec="0" bev="0" fileid="2" />
                <SequencePoint vc="0" uspid="350" ordinal="4" sl="350" sc="1" el="350" ec="2" bec="2" bev="0" fileid="2" />
                <SequencePoint vc="0" uspid="351" ordinal="5" sl="351" sc="1" el="351" ec="2" bec="0" bev="0" fileid="2" />
                <SequencePoint vc="0" uspid="352" ordinal="6" sl="352" sc="1" el="352" ec="2" bec="0" bev="0" fileid="2" />
                <SequencePoint vc="0" uspid="354" ordinal="7" sl="354" sc="1" el="354" ec="2" bec="2" bev="0" fileid="2" />
                <SequencePoint vc="0" uspid="355" ordinal="8" sl="355" sc="1" el="355" ec="2" bec="0" bev="0" fileid="2" />
                <SequencePoint vc="0" uspid="356" ordinal="9" sl="356" sc="1" el="356" ec="2" bec="2" bev="0" fileid="2" />
                <SequencePoint vc="0" uspid="357" ordinal="10" sl="357" sc="1" el="357" ec="2" bec="0" bev="0" fileid="2" />
                <SequencePoint vc="0" uspid="358" ordinal="11" sl="358" sc="1" el="358" ec="2" bec="0" bev="0" fileid="2" />
                <SequencePoint vc="0" uspid="359" ordinal="12" sl="359" sc="1" el="359" ec="2" bec="0" bev="0" fileid="2" />
                <SequencePoint vc="0" uspid="360" ordinal="13" sl="360" sc="1" el="360" ec="2" bec="2" bev="0" fileid="2" />
                <SequencePoint vc="0" uspid="361" ordinal="14" sl="361" sc="1" el="361" ec="2" bec="0" bev="0" fileid="2" />
                <SequencePoint vc="0" uspid="362" ordinal="15" sl="362" sc="1" el="362" ec="2" bec="0" bev="0" fileid="2" />
                <SequencePoint vc="0" uspid="363" ordinal="16" sl="363" sc="1" el="363" ec="2" bec="0" bev="0" fileid="2" />
                <SequencePoint vc="0" uspid="364" ordinal="17" sl="364" sc="1" el="364" ec="2" bec="2" bev="0" fileid="2" />
                <SequencePoint vc="0" uspid="365" ordinal="18" sl="365" sc="1" el="365" ec="2" bec="0" bev="0" fileid="2" />
                <SequencePoint vc="0" uspid="366" ordinal="19" sl="366" sc="1" el="366" ec="2" bec="0" bev="0" fileid="2" />
                <SequencePoint vc="0" uspid="367" ordinal="20" sl="367" sc="1" el="367" ec="2" bec="0" bev="0" fileid="2" />
                <SequencePoint vc="0" uspid="368" ordinal="21" sl="368" sc="1" el="368" ec="2" bec="4" bev="0" fileid="2" />
                <SequencePoint vc="0" uspid="369" ordinal="22" sl="369" sc="1" el="369" ec="2" bec="0" bev="0" fileid="2" />
                <SequencePoint vc="0" uspid="370" ordinal="23" sl="370" sc="1" el="370" ec="2" bec="2" bev="0" fileid="2" />
                <SequencePoint vc="0" uspid="371" ordinal="24" sl="371" sc="1" el="371" ec="2" bec="0" bev="0" fileid="2" />
                <SequencePoint vc="0" uspid="372" ordinal="25" sl="372" sc="1" el="372" ec="2" bec="0" bev="0" fileid="2" />
                <SequencePoint vc="0" uspid="373" ordinal="26" sl="373" sc="1" el="373" ec="2" bec="2" bev="0" fileid="2" />
                <SequencePoint vc="0" uspid="374" ordinal="27" sl="374" sc="1" el="374" ec="2" bec="2" bev="0" fileid="2" />
                <SequencePoint vc="0" uspid="375" ordinal="28" sl="375" sc="1" el="375" ec="2" bec="0" bev="0" fileid="2" />
                <SequencePoint vc="0" uspid="376" ordinal="29" sl="376" sc="1" el="376" ec="2" bec="0" bev="0" fileid="2" />
                <SequencePoint vc="0" uspid="377" ordinal="30" sl="377" sc="1" el="377" ec="2" bec="0" bev="0" fileid="2" />
                <SequencePoint vc="0" uspid="378" ordinal="31" sl="378" sc="1" el="378" ec="2" bec="2" bev="0" fileid="2" />
                <SequencePoint vc="0" uspid="379" ordinal="32" sl="379" sc="1" el="379" ec="2" bec="0" bev="0" fileid="2" />
                <SequencePoint vc="0" uspid="380" ordinal="33" sl="380" sc="1" el="380" ec="2" bec="0" bev="0" fileid="2" />
                <SequencePoint vc="0" uspid="381" ordinal="34" sl="381" sc="1" el="381" ec="2" bec="0" bev="0" fileid="2" />
                <SequencePoint vc="0" uspid="382" ordinal="35" sl="382" sc="1" el="382" ec="2" bec="0" bev="0" fileid="2" />
                <SequencePoint vc="0" uspid="383" ordinal="36" sl="383" sc="1" el="383" ec="2" bec="0" bev="0" fileid="2" />
                <SequencePoint vc="0" uspid="385" ordinal="37" sl="385" sc="1" el="385" ec="2" bec="0" bev="0" fileid="2" />
                <SequencePoint vc="0" uspid="386" ordinal="38" sl="386" sc="1" el="386" ec="2" bec="0" bev="0" fileid="2" />
                <SequencePoint vc="0" uspid="387" ordinal="39" sl="387" sc="1" el="387" ec="2" bec="2" bev="0" fileid="2" />
                <SequencePoint vc="0" uspid="388" ordinal="40" sl="388" sc="1" el="388" ec="2" bec="0" bev="0" fileid="2" />
                <SequencePoint vc="0" uspid="389" ordinal="41" sl="389" sc="1" el="389" ec="2" bec="0" bev="0" fileid="2" />
                <SequencePoint vc="0" uspid="390" ordinal="42" sl="390" sc="1" el="390" ec="2" bec="2" bev="0" fileid="2" />
                <SequencePoint vc="0" uspid="391" ordinal="43" sl="391" sc="1" el="391" ec="2" bec="0" bev="0" fileid="2" />
                <SequencePoint vc="0" uspid="392" ordinal="44" sl="392" sc="1" el="392" ec="2" bec="4" bev="0" fileid="2" />
                <SequencePoint vc="0" uspid="393" ordinal="45" sl="393" sc="1" el="393" ec="2" bec="2" bev="0" fileid="2" />
                <SequencePoint vc="0" uspid="394" ordinal="46" sl="394" sc="1" el="394" ec="2" bec="0" bev="0" fileid="2" />
                <SequencePoint vc="0" uspid="395" ordinal="47" sl="395" sc="1" el="395" ec="2" bec="0" bev="0" fileid="2" />
                <SequencePoint vc="0" uspid="397" ordinal="48" sl="397" sc="1" el="397" ec="2" bec="2" bev="0" fileid="2" />
                <SequencePoint vc="0" uspid="398" ordinal="49" sl="398" sc="1" el="398" ec="2" bec="0" bev="0" fileid="2" />
                <SequencePoint vc="0" uspid="399" ordinal="50" sl="399" sc="1" el="399" ec="2" bec="0" bev="0" fileid="2" />
                <SequencePoint vc="0" uspid="400" ordinal="51" sl="400" sc="1" el="400" ec="2" bec="0" bev="0" fileid="2" />
                <SequencePoint vc="0" uspid="401" ordinal="52" sl="401" sc="1" el="401" ec="2" bec="0" bev="0" fileid="2" />
                <SequencePoint vc="0" uspid="402" ordinal="53" sl="402" sc="1" el="402" ec="2" bec="0" bev="0" fileid="2" />
                <SequencePoint vc="0" uspid="403" ordinal="54" sl="403" sc="1" el="403" ec="2" bec="0" bev="0" fileid="2" />
                <SequencePoint vc="0" uspid="404" ordinal="55" sl="404" sc="1" el="404" ec="2" bec="0" bev="0" fileid="2" />
                <SequencePoint vc="0" uspid="405" ordinal="56" sl="405" sc="1" el="405" ec="2" bec="0" bev="0" fileid="2" />
                <SequencePoint vc="0" uspid="407" ordinal="57" sl="407" sc="1" el="407" ec="2" bec="6" bev="0" fileid="2" />
                <SequencePoint vc="0" uspid="408" ordinal="58" sl="408" sc="1" el="408" ec="2" bec="0" bev="0" fileid="2" />
                <SequencePoint vc="0" uspid="409" ordinal="59" sl="409" sc="1" el="409" ec="2" bec="0" bev="0" fileid="2" />
                <SequencePoint vc="0" uspid="410" ordinal="60" sl="410" sc="1" el="410" ec="2" bec="0" bev="0" fileid="2" />
                <SequencePoint vc="0" uspid="411" ordinal="61" sl="411" sc="1" el="411" ec="2" bec="0" bev="0" fileid="2" />
                <SequencePoint vc="0" uspid="413" ordinal="62" sl="413" sc="1" el="413" ec="2" bec="8" bev="0" fileid="2" />
                <SequencePoint vc="0" uspid="414" ordinal="63" sl="414" sc="1" el="414" ec="2" bec="0" bev="0" fileid="2" />
                <SequencePoint vc="0" uspid="415" ordinal="64" sl="415" sc="1" el="415" ec="2" bec="2" bev="0" fileid="2" />
                <SequencePoint vc="0" uspid="416" ordinal="65" sl="416" sc="1" el="416" ec="2" bec="0" bev="0" fileid="2" />
                <SequencePoint vc="0" uspid="417" ordinal="66" sl="417" sc="1" el="417" ec="2" bec="0" bev="0" fileid="2" />
                <SequencePoint vc="0" uspid="418" ordinal="67" sl="418" sc="1" el="418" ec="2" bec="2" bev="0" fileid="2" />
                <SequencePoint vc="0" uspid="419" ordinal="68" sl="419" sc="1" el="419" ec="2" bec="0" bev="0" fileid="2" />
                <SequencePoint vc="0" uspid="420" ordinal="69" sl="420" sc="1" el="420" ec="2" bec="0" bev="0" fileid="2" />
                <SequencePoint vc="0" uspid="421" ordinal="70" sl="421" sc="1" el="421" ec="2" bec="0" bev="0" fileid="2" />
                <SequencePoint vc="0" uspid="422" ordinal="71" sl="422" sc="1" el="422" ec="2" bec="0" bev="0" fileid="2" />
                <SequencePoint vc="0" uspid="423" ordinal="72" sl="423" sc="1" el="423" ec="2" bec="0" bev="0" fileid="2" />
                <SequencePoint vc="0" uspid="424" ordinal="73" sl="424" sc="1" el="424" ec="2" bec="0" bev="0" fileid="2" />
                <SequencePoint vc="0" uspid="425" ordinal="74" sl="425" sc="1" el="425" ec="2" bec="2" bev="0" fileid="2" />
                <SequencePoint vc="0" uspid="426" ordinal="75" sl="426" sc="1" el="426" ec="2" bec="0" bev="0" fileid="2" />
                <SequencePoint vc="0" uspid="427" ordinal="76" sl="427" sc="1" el="427" ec="2" bec="0" bev="0" fileid="2" />
                <SequencePoint vc="0" uspid="428" ordinal="77" sl="428" sc="1" el="428" ec="2" bec="8" bev="0" fileid="2" />
                <SequencePoint vc="0" uspid="429" ordinal="78" sl="429" sc="1" el="429" ec="2" bec="0" bev="0" fileid="2" />
                <SequencePoint vc="0" uspid="430" ordinal="79" sl="430" sc="1" el="430" ec="2" bec="0" bev="0" fileid="2" />
                <SequencePoint vc="0" uspid="431" ordinal="80" sl="431" sc="1" el="431" ec="2" bec="0" bev="0" fileid="2" />
                <SequencePoint vc="0" uspid="432" ordinal="81" sl="432" sc="1" el="432" ec="2" bec="0" bev="0" fileid="2" />
                <SequencePoint vc="0" uspid="433" ordinal="82" sl="433" sc="1" el="433" ec="2" bec="0" bev="0" fileid="2" />
                <SequencePoint vc="0" uspid="434" ordinal="83" sl="434" sc="1" el="434" ec="2" bec="2" bev="0" fileid="2" />
                <SequencePoint vc="0" uspid="435" ordinal="84" sl="435" sc="1" el="435" ec="2" bec="0" bev="0" fileid="2" />
                <SequencePoint vc="0" uspid="436" ordinal="85" sl="436" sc="1" el="436" ec="2" bec="2" bev="0" fileid="2" />
                <SequencePoint vc="0" uspid="437" ordinal="86" sl="437" sc="1" el="437" ec="2" bec="0" bev="0" fileid="2" />
                <SequencePoint vc="0" uspid="438" ordinal="87" sl="438" sc="1" el="438" ec="2" bec="4" bev="0" fileid="2" />
                <SequencePoint vc="0" uspid="439" ordinal="88" sl="439" sc="1" el="439" ec="2" bec="0" bev="0" fileid="2" />
                <SequencePoint vc="0" uspid="440" ordinal="89" sl="440" sc="1" el="440" ec="2" bec="0" bev="0" fileid="2" />
                <SequencePoint vc="0" uspid="441" ordinal="90" sl="441" sc="1" el="441" ec="2" bec="0" bev="0" fileid="2" />
                <SequencePoint vc="0" uspid="442" ordinal="91" sl="442" sc="1" el="442" ec="2" bec="2" bev="0" fileid="2" />
                <SequencePoint vc="0" uspid="443" ordinal="92" sl="443" sc="1" el="443" ec="2" bec="0" bev="0" fileid="2" />
                <SequencePoint vc="0" uspid="444" ordinal="93" sl="444" sc="1" el="444" ec="2" bec="0" bev="0" fileid="2" />
                <SequencePoint vc="0" uspid="445" ordinal="94" sl="445" sc="1" el="445" ec="2" bec="0" bev="0" fileid="2" />
                <SequencePoint vc="0" uspid="446" ordinal="95" sl="446" sc="1" el="446" ec="2" bec="2" bev="0" fileid="2" />
                <SequencePoint vc="0" uspid="447" ordinal="96" sl="447" sc="1" el="447" ec="2" bec="0" bev="0" fileid="2" />
                <SequencePoint vc="0" uspid="448" ordinal="97" sl="448" sc="1" el="448" ec="2" bec="2" bev="0" fileid="2" />
                <SequencePoint vc="0" uspid="449" ordinal="98" sl="449" sc="1" el="449" ec="2" bec="0" bev="0" fileid="2" />
                <SequencePoint vc="0" uspid="450" ordinal="99" sl="450" sc="1" el="450" ec="2" bec="0" bev="0" fileid="2" />
                <SequencePoint vc="0" uspid="451" ordinal="100" sl="451" sc="1" el="451" ec="2" bec="4" bev="0" fileid="2" />
                <SequencePoint vc="0" uspid="452" ordinal="101" sl="452" sc="1" el="452" ec="2" bec="0" bev="0" fileid="2" />
                <SequencePoint vc="0" uspid="453" ordinal="102" sl="453" sc="1" el="453" ec="2" bec="2" bev="0" fileid="2" />
                <SequencePoint vc="0" uspid="454" ordinal="103" sl="454" sc="1" el="454" ec="2" bec="2" bev="0" fileid="2" />
[...]
                <SequencePoint vc="0" uspid="164" ordinal="136" sl="164" sc="1" el="164" ec="2" bec="0" bev="0" fileid="22" />
                <SequencePoint vc="0" uspid="165" ordinal="137" sl="165" sc="1" el="165" ec="2" bec="0" bev="0" fileid="22" />
                <SequencePoint vc="0" uspid="166" ordinal="138" sl="166" sc="1" el="166" ec="2" bec="0" bev="0" fileid="22" />
                <SequencePoint vc="0" uspid="167" ordinal="139" sl="167" sc="1" el="167" ec="2" bec="0" bev="0" fileid="22" />
                <SequencePoint vc="0" uspid="169" ordinal="140" sl="169" sc="1" el="169" ec="2" bec="0" bev="0" fileid="22" />
              </SequencePoints>
              <BranchPoints />
              <MethodPoint vc="0" uspid="0" p8:type="SequencePoint" ordinal="0" offset="0" sc="0" sl="20" ec="1" el="169" bec="0" bev="0" fileid="22" xmlns:p8="xsi" />
            </Method>
          </Methods>
        </Class>
        <Class>
          <Summary numSequencePoints="141" visitedSequencePoints="0" numBranchPoints="0" visitedBranchPoints="0" sequenceCoverage="0" branchCoverage="100" maxCyclomaticComplexity="1" minCyclomaticComplexity="1" visitedClasses="0" numClasses="1" visitedMethods="0" numMethods="1" />
          <FullName>YourSpace.Data.Migrations.YourSpaceDbContextModelSnapshot</FullName>
          <Methods>
            <Method cyclomaticComplexity="1" nPathComplexity="1" sequenceCoverage="0" branchCoverage="100" isConstructor="False" isGetter="False" isSetter="False" isStatic="True">
              <Summary numSequencePoints="141" visitedSequencePoints="0" numBranchPoints="0" visitedBranchPoints="0" sequenceCoverage="0" branchCoverage="100" maxCyclomaticComplexity="1" minCyclomaticComplexity="1" visitedClasses="0" numClasses="0" visitedMethods="0" numMethods="1" />
              <MetadataToken />
              <Name>System.Void YourSpace.Data.Migrations.YourSpaceDbContextModelSnapshot::BuildModel(Microsoft.EntityFrameworkCore.ModelBuilder)</Name>
              <FileRef uid="23" />
              <SequencePoints>
                <SequencePoint vc="0" uspid="17" ordinal="0" sl="17" sc="1" el="17" ec="2" bec="0" bev="0" fileid="23" />
                <SequencePoint vc="0" uspid="19" ordinal="1" sl="19" sc="1" el="19" ec="2" bec="0" bev="0" fileid="23" />
                <SequencePoint vc="0" uspid="20" ordinal="2" sl="20" sc="1" el="20" ec="2" bec="0" bev="0" fileid="23" />
                <SequencePoint vc="0" uspid="21" ordinal="3" sl="21" sc="1" el="21" ec="2" bec="0" bev="0" fileid="23" />
                <SequencePoint vc="0" uspid="23" ordinal="4" sl="23" sc="1" el="23" ec="2" bec="0" bev="0" fileid="23" />
                <SequencePoint vc="0" uspid="25" ordinal="5" sl="25" sc="1" el="25" ec="2" bec="0" bev="0" fileid="23" />
                <SequencePoint vc="0" uspid="26" ordinal="6" sl="26" sc="1" el="26" ec="2" bec="0" bev="0" fileid="23" />
                <SequencePoint vc="0" uspid="27" ordinal="7" sl="27" sc="1" el="27" ec="2" bec="0" bev="0" fileid="23" />
                <SequencePoint vc="0" uspid="28" ordinal="8" sl="28" sc="1" el="28" ec="2" bec="0" bev="0" fileid="23" />
                <SequencePoint vc="0" uspid="29" ordinal="9" sl="29" sc="1" el="29" ec="2" bec="0" bev="0" fileid="23" />
                <SequencePoint vc="0" uspid="30" ordinal="10" sl="30" sc="1" el="30" ec="2" bec="0" bev="0" fileid="23" />
                <SequencePoint vc="0" uspid="31" ordinal="11" sl="31" sc="1" el="31" ec="2" bec="0" bev="0" fileid="23" />
                <SequencePoint vc="0" uspid="32" ordinal="12" sl="32" sc="1" el="32" ec="2" bec="0" bev="0" fileid="23" />
                <SequencePoint vc="0" uspid="33" ordinal="13" sl="33" sc="1" el="33" ec="2" bec="0" bev="0" fileid="23" />
                <SequencePoint vc="0" uspid="34" ordinal="14" sl="34" sc="1" el="34" ec="2" bec="0" bev="0" fileid="23" />
                <SequencePoint vc="0" uspid="35" ordinal="15" sl="35" sc="1" el="35" ec="2" bec="0" bev="0" fileid="23" />
                <SequencePoint vc="0" uspid="36" ordinal="16" sl="36" sc="1" el="36" ec="2" bec="0" bev="0" fileid="23" />
                <SequencePoint vc="0" uspid="37" ordinal="17" sl="37" sc="1" el="37" ec="2" bec="0" bev="0" fileid="23" />
                <SequencePoint vc="0" uspid="38" ordinal="18" sl="38" sc="1" el="38" ec="2" bec="0" bev="0" fileid="23" />
                <SequencePoint vc="0" uspid="39" ordinal="19" sl="39" sc="1" el="39" ec="2" bec="0" bev="0" fileid="23" />
                <SequencePoint vc="0" uspid="40" ordinal="20" sl="40" sc="1" el="40" ec="2" bec="0" bev="0" fileid="23" />
                <SequencePoint vc="0" uspid="41" ordinal="21" sl="41" sc="1" el="41" ec="2" bec="0" bev="0" fileid="23" />
                <SequencePoint vc="0" uspid="42" ordinal="22" sl="42" sc="1" el="42" ec="2" bec="0" bev="0" fileid="23" />
                <SequencePoint vc="0" uspid="43" ordinal="23" sl="43" sc="1" el="43" ec="2" bec="0" bev="0" fileid="23" />
                <SequencePoint vc="0" uspid="44" ordinal="24" sl="44" sc="1" el="44" ec="2" bec="0" bev="0" fileid="23" />
                <SequencePoint vc="0" uspid="45" ordinal="25" sl="45" sc="1" el="45" ec="2" bec="0" bev="0" fileid="23" />
                <SequencePoint vc="0" uspid="46" ordinal="26" sl="46" sc="1" el="46" ec="2" bec="0" bev="0" fileid="23" />
                <SequencePoint vc="0" uspid="47" ordinal="27" sl="47" sc="1" el="47" ec="2" bec="0" bev="0" fileid="23" />
                <SequencePoint vc="0" uspid="48" ordinal="28" sl="48" sc="1" el="48" ec="2" bec="0" bev="0" fileid="23" />
                <SequencePoint vc="0" uspid="49" ordinal="29" sl="49" sc="1" el="49" ec="2" bec="0" bev="0" fileid="23" />
                <SequencePoint vc="0" uspid="50" ordinal="30" sl="50" sc="1" el="50" ec="2" bec="0" bev="0" fileid="23" />
                <SequencePoint vc="0" uspid="51" ordinal="31" sl="51" sc="1" el="51" ec="2" bec="0" bev="0" fileid="23" />
                <SequencePoint vc="0" uspid="52" ordinal="32" sl="52" sc="1" el="52" ec="2" bec="0" bev="0" fileid="23" />
                <SequencePoint vc="0" uspid="53" ordinal="33" sl="53" sc="1" el="53" ec="2" bec="0" bev="0" fileid="23" />
                <SequencePoint vc="0" uspid="54" ordinal="34" sl="54" sc="1" el="54" ec="2" bec="0" bev="0" fileid="23" />
                <SequencePoint vc="0" uspid="56" ordinal="35" sl="56" sc="1" el="56" ec="2" bec="0" bev="0" fileid="23" />
                <SequencePoint vc="0" uspid="57" ordinal="36" sl="57" sc="1" el="57" ec="2" bec="0" bev="0" fileid="23" />
                <SequencePoint vc="0" uspid="58" ordinal="37" sl="58" sc="1" el="58" ec="2" bec="0" bev="0" fileid="23" />
                <SequencePoint vc="0" uspid="59" ordinal="38" sl="59" sc="1" el="59" ec="2" bec="0" bev="0" fileid="23" />
                <SequencePoint vc="0" uspid="60" ordinal="39" sl="60" sc="1" el="60" ec="2" bec="0" bev="0" fileid="23" />
                <SequencePoint vc="0" uspid="61" ordinal="40" sl="61" sc="1" el="61" ec="2" bec="0" bev="0" fileid="23" />
                <SequencePoint vc="0" uspid="62" ordinal="41" sl="62" sc="1" el="62" ec="2" bec="0" bev="0" fileid="23" />
                <SequencePoint vc="0" uspid="63" ordinal="42" sl="63" sc="1" el="63" ec="2" bec="0" bev="0" fileid="23" />
                <SequencePoint vc="0" uspid="64" ordinal="43" sl="64" sc="1" el="64" ec="2" bec="0" bev="0" fileid="23" />
                <SequencePoint vc="0" uspid="65" ordinal="44" sl="65" sc="1" el="65" ec="2" bec="0" bev="0" fileid="23" />
                <SequencePoint vc="0" uspid="66" ordinal="45" sl="66" sc="1" el="66" ec="2" bec="0" bev="0" fileid="23" />
                <SequencePoint vc="0" uspid="67" ordinal="46" sl="67" sc="1" el="67" ec="2" bec="0" bev="0" fileid="23" />
                <SequencePoint vc="0" uspid="68" ordinal="47" sl="68" sc="1" el="68" ec="2" bec="0" bev="0" fileid="23" />
                <SequencePoint vc="0" uspid="69" ordinal="48" sl="69" sc="1" el="69" ec="2" bec="0" bev="0" fileid="23" />
                <SequencePoint vc="0" uspid="70" ordinal="49" sl="70" sc="1" el="70" ec="2" bec="0" bev="0" fileid="23" />
                <SequencePoint vc="0" uspid="71" ordinal="50" sl="71" sc="1" el="71" ec="2" bec="0" bev="0" fileid="23" />
                <SequencePoint vc="0" uspid="72" ordinal="51" sl="72" sc="1" el="72" ec="2" bec="0" bev="0" fileid="23" />
                <SequencePoint vc="0" uspid="73" ordinal="52" sl="73" sc="1" el="73" ec="2" bec="0" bev="0" fileid="23" />
                <SequencePoint vc="0" uspid="74" ordinal="53" sl="74" sc="1" el="74" ec="2" bec="0" bev="0" fileid="23" />
                <SequencePoint vc="0" uspid="75" ordinal="54" sl="75" sc="1" el="75" ec="2" bec="0" bev="0" fileid="23" />
                <SequencePoint vc="0" uspid="76" ordinal="55" sl="76" sc="1" el="76" ec="2" bec="0" bev="0" fileid="23" />
                <SequencePoint vc="0" uspid="77" ordinal="56" sl="77" sc="1" el="77" ec="2" bec="0" bev="0" fileid="23" />
                <SequencePoint vc="0" uspid="78" ordinal="57" sl="78" sc="1" el="78" ec="2" bec="0" bev="0" fileid="23" />
                <SequencePoint vc="0" uspid="79" ordinal="58" sl="79" sc="1" el="79" ec="2" bec="0" bev="0" fileid="23" />
                <SequencePoint vc="0" uspid="80" ordinal="59" sl="80" sc="1" el="80" ec="2" bec="0" bev="0" fileid="23" />
                <SequencePoint vc="0" uspid="81" ordinal="60" sl="81" sc="1" el="81" ec="2" bec="0" bev="0" fileid="23" />
                <SequencePoint vc="0" uspid="82" ordinal="61" sl="82" sc="1" el="82" ec="2" bec="0" bev="0" fileid="23" />
                <SequencePoint vc="0" uspid="83" ordinal="62" sl="83" sc="1" el="83" ec="2" bec="0" bev="0" fileid="23" />
                <SequencePoint vc="0" uspid="84" ordinal="63" sl="84" sc="1" el="84" ec="2" bec="0" bev="0" fileid="23" />
                <SequencePoint vc="0" uspid="85" ordinal="64" sl="85" sc="1" el="85" ec="2" bec="0" bev="0" fileid="23" />
                <SequencePoint vc="0" uspid="86" ordinal="65" sl="86" sc="1" el="86" ec="2" bec="0" bev="0" fileid="23" />
                <SequencePoint vc="0" uspid="87" ordinal="66" sl="87" sc="1" el="87" ec="2" bec="0" bev="0" fileid="23" />
                <SequencePoint vc="0" uspid="88" ordinal="67" sl="88" sc="1" el="88" ec="2" bec="0" bev="0" fileid="23" />
                <SequencePoint vc="0" uspid="89" ordinal="68" sl="89" sc="1" el="89" ec="2" bec="0" bev="0" fileid="23" />
                <SequencePoint vc="0" uspid="90" ordinal="69" sl="90" sc="1" el="90" ec="2" bec="0" bev="0" fileid="23" />
                <SequencePoint vc="0" uspid="92" ordinal="70" sl="92" sc="1" el="92" ec="2" bec="0" bev="0" fileid="23" />
                <SequencePoint vc="0" uspid="93" ordinal="71" sl="93" sc="1" el="93" ec="2" bec="0" bev="0" fileid="23" />
                <SequencePoint vc="0" uspid="94" ordinal="72" sl="94" sc="1" el="94" ec="2" bec="0" bev="0" fileid="23" />
                <SequencePoint vc="0" uspid="95" ordinal="73" sl="95" sc="1" el="95" ec="2" bec="0" bev="0" fileid="23" />
                <SequencePoint vc="0" uspid="96" ordinal="74" sl="96" sc="1" el="96" ec="2" bec="0" bev="0" fileid="23" />
                <SequencePoint vc="0" uspid="97" ordinal="75" sl="97" sc="1" el="97" ec="2" bec="0" bev="0" fileid="23" />
                <SequencePoint vc="0" uspid="98" ordinal="76" sl="98" sc="1" el="98" ec="2" bec="0" bev="0" fileid="23" />
                <SequencePoint vc="0" uspid="99" ordinal="77" sl="99" sc="1" el="99" ec="2" bec="0" bev="0" fileid="23" />
                <SequencePoint vc="0" uspid="100" ordinal="78" sl="100" sc="1" el="100" ec="2" bec="0" bev="0" fileid="23" />
                <SequencePoint vc="0" uspid="101" ordinal="79" sl="101" sc="1" el="101" ec="2" bec="0" bev="0" fileid="23" />
                <SequencePoint vc="0" uspid="102" ordinal="80" sl="102" sc="1" el="102" ec="2" bec="0" bev="0" fileid="23" />
                <SequencePoint vc="0" uspid="103" ordinal="81" sl="103" sc="1" el="103" ec="2" bec="0" bev="0" fileid="23" />
                <SequencePoint vc="0" uspid="104" ordinal="82" sl="104" sc="1" el="104" ec="2" bec="0" bev="0" fileid="23" />
                <SequencePoint vc="0" uspid="105" ordinal="83" sl="105" sc="1" el="105" ec="2" bec="0" bev="0" fileid="23" />
                <SequencePoint vc="0" uspid="106" ordinal="84" sl="106" sc="1" el="106" ec="2" bec="0" bev="0" fileid="23" />
                <SequencePoint vc="0" uspid="107" ordinal="85" sl="107" sc="1" el="107" ec="2" bec="0" bev="0" fileid="23" />
                <SequencePoint vc="0" uspid="108" ordinal="86" sl="108" sc="1" el="108" ec="2" bec="0" bev="0" fileid="23" />
                <SequencePoint vc="0" uspid="109" ordinal="87" sl="109" sc="1" el="109" ec="2" bec="0" bev="0" fileid="23" />
                <SequencePoint vc="0" uspid="110" ordinal="88" sl="110" sc="1" el="110" ec="2" bec="0" bev="0" fileid="23" />
                <SequencePoint vc="0" uspid="111" ordinal="89" sl="111" sc="1" el="111" ec="2" bec="0" bev="0" fileid="23" />
                <SequencePoint vc="0" uspid="112" ordinal="90" sl="112" sc="1" el="112" ec="2" bec="0" bev="0" fileid="23" />
                <SequencePoint vc="0" uspid="113" ordinal="91" sl="113" sc="1" el="113" ec="2" bec="0" bev="0" fileid="23" />
                <SequencePoint vc="0" uspid="114" ordinal="92" sl="114" sc="1" el="114" ec="2" bec="0" bev="0" fileid="23" />
                <SequencePoint vc="0" uspid="115" ordinal="93" sl="115" sc="1" el="115" ec="2" bec="0" bev="0" fileid="23" />
                <SequencePoint vc="0" uspid="116" ordinal="94" sl="116" sc="1" el="116" ec="2" bec="0" bev="0" fileid="23" />
                <SequencePoint vc="0" uspid="117" ordinal="95" sl="117" sc="1" el="117" ec="2" bec="0" bev="0" fileid="23" />
                <SequencePoint vc="0" uspid="118" ordinal="96" sl="118" sc="1" el="118" ec="2" bec="0" bev="0" fileid="23" />
                <SequencePoint vc="0" uspid="119" ordinal="97" sl="119" sc="1" el="119" ec="2" bec="0" bev="0" fileid="23" />
                <SequencePoint vc="0" uspid="120" ordinal="98" sl="120" sc="1" el="120" ec="2" bec="0" bev="0" fileid="23" />
                <SequencePoint vc="0" uspid="121" ordinal="99" sl="121" sc="1" el="121" ec="2" bec="0" bev="0" fileid="23" />
                <SequencePoint vc="0" uspid="122" ordinal="100" sl="122" sc="1" el="122" ec="2" bec="0" bev="0" fileid="23" />
                <SequencePoint vc="0" uspid="123" ordinal="101" sl="123" sc="1" el="123" ec="2" bec="0" bev="0" fileid="23" />
                <SequencePoint vc="0" uspid="124" ordinal="102" sl="124" sc="1" el="124" ec="2" bec="0" bev="0" fileid="23" />
                <SequencePoint vc="0" uspid="125" ordinal="103" sl="125" sc="1" el="125" ec="2" bec="0" bev="0" fileid="23" />
                <SequencePoint vc="0" uspid="126" ordinal="104" sl="126" sc="1" el="126" ec="2" bec="0" bev="0" fileid="23" />
                <SequencePoint vc="0" uspid="127" ordinal="105" sl="127" sc="1" el="127" ec="2" bec="0" bev="0" fileid="23" />
                <SequencePoint vc="0" uspid="128" ordinal="106" sl="128" sc="1" el="128" ec="2" bec="0" bev="0" fileid="23" />
                <SequencePoint vc="0" uspid="129" ordinal="107" sl="129" sc="1" el="129" ec="2" bec="0" bev="0" fileid="23" />
                <SequencePoint vc="0" uspid="130" ordinal="108" sl="130" sc="1" el="130" ec="2" bec="0" bev="0" fileid="23" />
                <SequencePoint vc="0" uspid="131" ordinal="109" sl="131" sc="1" el="131" ec="2" bec="0" bev="0" fileid="23" />
                <SequencePoint vc="0" uspid="132" ordinal="110" sl="132" sc="1" el="132" ec="2" bec="0" bev="0" fileid="23" />
                <SequencePoint vc="0" uspid="133" ordinal="111" sl="133" sc="1" el="133" ec="2" bec="0" bev="0" fileid="23" />
                <SequencePoint vc="0" uspid="134" ordinal="112" sl="134" sc="1" el="134" ec="2" bec="0" bev="0" fileid="23" />
                <SequencePoint vc="0" uspid="135" ordinal="113" sl="135" sc="1" el="135" ec="2" bec="0" bev="0" fileid="23" />
                <SequencePoint vc="0" uspid="137" ordinal="114" sl="137" sc="1" el="137" ec="2" bec="0" bev="0" fileid="23" />
                <SequencePoint vc="0" uspid="138" ordinal="115" sl="138" sc="1" el="138" ec="2" bec="0" bev="0" fileid="23" />
                <SequencePoint vc="0" uspid="139" ordinal="116" sl="139" sc="1" el="139" ec="2" bec="0" bev="0" fileid="23" />
                <SequencePoint vc="0" uspid="140" ordinal="117" sl="140" sc="1" el="140" ec="2" bec="0" bev="0" fileid="23" />
                <SequencePoint vc="0" uspid="141" ordinal="118" sl="141" sc="1" el="141" ec="2" bec="0" bev="0" fileid="23" />
                <SequencePoint vc="0" uspid="142" ordinal="119" sl="142" sc="1" el="142" ec="2" bec="0" bev="0" fileid="23" />
                <SequencePoint vc="0" uspid="143" ordinal="120" sl="143" sc="1" el="143" ec="2" bec="0" bev="0" fileid="23" />
                <SequencePoint vc="0" uspid="144" ordinal="121" sl="144" sc="1" el="144" ec="2" bec="0" bev="0" fileid="23" />
                <SequencePoint vc="0" uspid="145" ordinal="122" sl="145" sc="1" el="145" ec="2" bec="0" bev="0" fileid="23" />
                <SequencePoint vc="0" uspid="146" ordinal="123" sl="146" sc="1" el="146" ec="2" bec="0" bev="0" fileid="23" />
                <SequencePoint vc="0" uspid="148" ordinal="124" sl="148" sc="1" el="148" ec="2" bec="0" bev="0" fileid="23" />
                <SequencePoint vc="0" uspid="149" ordinal="125" sl="149" sc="1" el="149" ec="2" bec="0" bev="0" fileid="23" />
                <SequencePoint vc="0" uspid="150" ordinal="126" sl="150" sc="1" el="150" ec="2" bec="0" bev="0" fileid="23" />
                <SequencePoint vc="0" uspid="151" ordinal="127" sl="151" sc="1" el="151" ec="2" bec="0" bev="0" fileid="23" />
                <SequencePoint vc="0" uspid="152" ordinal="128" sl="152" sc="1" el="152" ec="2" bec="0" bev="0" fileid="23" />
                <SequencePoint vc="0" uspid="153" ordinal="129" sl="153" sc="1" el="153" ec="2" bec="0" bev="0" fileid="23" />
                <SequencePoint vc="0" uspid="154" ordinal="130" sl="154" sc="1" el="154" ec="2" bec="0" bev="0" fileid="23" />
                <SequencePoint vc="0" uspid="155" ordinal="131" sl="155" sc="1" el="155" ec="2" bec="0" bev="0" fileid="23" />
                <SequencePoint vc="0" uspid="156" ordinal="132" sl="156" sc="1" el="156" ec="2" bec="0" bev="0" fileid="23" />
                <SequencePoint vc="0" uspid="157" ordinal="133" sl="157" sc="1" el="157" ec="2" bec="0" bev="0" fileid="23" />
                <SequencePoint vc="0" uspid="159" ordinal="134" sl="159" sc="1" el="159" ec="2" bec="0" bev="0" fileid="23" />
                <SequencePoint vc="0" uspid="160" ordinal="135" sl="160" sc="1" el="160" ec="2" bec="0" bev="0" fileid="23" />
                <SequencePoint vc="0" uspid="161" ordinal="136" sl="161" sc="1" el="161" ec="2" bec="0" bev="0" fileid="23" />
                <SequencePoint vc="0" uspid="162" ordinal="137" sl="162" sc="1" el="162" ec="2" bec="0" bev="0" fileid="23" />
                <SequencePoint vc="0" uspid="163" ordinal="138" sl="163" sc="1" el="163" ec="2" bec="0" bev="0" fileid="23" />
                <SequencePoint vc="0" uspid="164" ordinal="139" sl="164" sc="1" el="164" ec="2" bec="0" bev="0" fileid="23" />
                <SequencePoint vc="0" uspid="166" ordinal="140" sl="166" sc="1" el="166" ec="2" bec="0" bev="0" fileid="23" />
              </SequencePoints>
              <BranchPoints />
              <MethodPoint vc="0" uspid="0" p8:type="SequencePoint" ordinal="0" offset="0" sc="0" sl="17" ec="1" el="166" bec="0" bev="0" fileid="23" xmlns:p8="xsi" />
            </Method>
          </Methods>
        </Class>
      </Classes>
    </Module>
  </Modules>
</CoverageSession>